{"/Users/danielororke/GitHub/HiveClass/hiveclass-master/test-utils/webrtc-mock.js":{"path":"/Users/danielororke/GitHub/HiveClass/hiveclass-master/test-utils/webrtc-mock.js","statementMap":{"0":{"start":{"line":14,"column":8},"end":{"line":14,"column":43}},"1":{"start":{"line":15,"column":8},"end":{"line":15,"column":37}},"2":{"start":{"line":16,"column":8},"end":{"line":16,"column":38}},"3":{"start":{"line":17,"column":8},"end":{"line":17,"column":39}},"4":{"start":{"line":18,"column":8},"end":{"line":18,"column":40}},"5":{"start":{"line":19,"column":8},"end":{"line":19,"column":39}},"6":{"start":{"line":20,"column":8},"end":{"line":20,"column":37}},"7":{"start":{"line":21,"column":8},"end":{"line":21,"column":27}},"8":{"start":{"line":22,"column":8},"end":{"line":22,"column":29}},"9":{"start":{"line":23,"column":8},"end":{"line":23,"column":32}},"10":{"start":{"line":26,"column":8},"end":{"line":26,"column":35}},"11":{"start":{"line":27,"column":8},"end":{"line":27,"column":40}},"12":{"start":{"line":28,"column":8},"end":{"line":28,"column":28}},"13":{"start":{"line":29,"column":8},"end":{"line":29,"column":32}},"14":{"start":{"line":30,"column":8},"end":{"line":30,"column":34}},"15":{"start":{"line":31,"column":8},"end":{"line":31,"column":47}},"16":{"start":{"line":32,"column":8},"end":{"line":32,"column":44}},"17":{"start":{"line":39,"column":8},"end":{"line":47,"column":14}},"18":{"start":{"line":40,"column":26},"end":{"line":43,"column":13}},"19":{"start":{"line":44,"column":12},"end":{"line":46,"column":13}},"20":{"start":{"line":45,"column":16},"end":{"line":45,"column":39}},"21":{"start":{"line":54,"column":8},"end":{"line":62,"column":14}},"22":{"start":{"line":55,"column":27},"end":{"line":58,"column":13}},"23":{"start":{"line":59,"column":12},"end":{"line":61,"column":13}},"24":{"start":{"line":60,"column":16},"end":{"line":60,"column":40}},"25":{"start":{"line":69,"column":8},"end":{"line":75,"column":14}},"26":{"start":{"line":70,"column":12},"end":{"line":70,"column":48}},"27":{"start":{"line":71,"column":12},"end":{"line":71,"column":95}},"28":{"start":{"line":72,"column":12},"end":{"line":74,"column":13}},"29":{"start":{"line":73,"column":16},"end":{"line":73,"column":34}},"30":{"start":{"line":82,"column":8},"end":{"line":88,"column":14}},"31":{"start":{"line":83,"column":12},"end":{"line":83,"column":49}},"32":{"start":{"line":84,"column":12},"end":{"line":84,"column":96}},"33":{"start":{"line":85,"column":12},"end":{"line":87,"column":13}},"34":{"start":{"line":86,"column":16},"end":{"line":86,"column":34}},"35":{"start":{"line":96,"column":8},"end":{"line":96,"column":33}},"36":{"start":{"line":103,"column":28},"end":{"line":103,"column":66}},"37":{"start":{"line":104,"column":8},"end":{"line":104,"column":45}},"38":{"start":{"line":105,"column":8},"end":{"line":105,"column":27}},"39":{"start":{"line":113,"column":8},"end":{"line":116,"column":11}},"40":{"start":{"line":114,"column":27},"end":{"line":114,"column":44}},"41":{"start":{"line":115,"column":12},"end":{"line":115,"column":39}},"42":{"start":{"line":123,"column":8},"end":{"line":123,"column":81}},"43":{"start":{"line":123,"column":55},"end":{"line":123,"column":79}},"44":{"start":{"line":130,"column":23},"end":{"line":130,"column":40}},"45":{"start":{"line":131,"column":8},"end":{"line":131,"column":35}},"46":{"start":{"line":132,"column":8},"end":{"line":132,"column":22}},"47":{"start":{"line":139,"column":22},"end":{"line":139,"column":51}},"48":{"start":{"line":140,"column":8},"end":{"line":142,"column":9}},"49":{"start":{"line":141,"column":12},"end":{"line":141,"column":43}},"50":{"start":{"line":149,"column":8},"end":{"line":149,"column":29}},"51":{"start":{"line":156,"column":8},"end":{"line":156,"column":31}},"52":{"start":{"line":163,"column":8},"end":{"line":163,"column":39}},"53":{"start":{"line":164,"column":8},"end":{"line":164,"column":43}},"54":{"start":{"line":165,"column":8},"end":{"line":165,"column":40}},"55":{"start":{"line":166,"column":8},"end":{"line":166,"column":53}},"56":{"start":{"line":166,"column":41},"end":{"line":166,"column":51}},"57":{"start":{"line":173,"column":8},"end":{"line":181,"column":9}},"58":{"start":{"line":174,"column":12},"end":{"line":180,"column":15}},"59":{"start":{"line":188,"column":8},"end":{"line":190,"column":9}},"60":{"start":{"line":189,"column":12},"end":{"line":189,"column":39}},"61":{"start":{"line":199,"column":8},"end":{"line":199,"column":27}},"62":{"start":{"line":200,"column":8},"end":{"line":200,"column":48}},"63":{"start":{"line":201,"column":8},"end":{"line":201,"column":39}},"64":{"start":{"line":202,"column":8},"end":{"line":202,"column":32}},"65":{"start":{"line":203,"column":8},"end":{"line":203,"column":44}},"66":{"start":{"line":206,"column":8},"end":{"line":206,"column":27}},"67":{"start":{"line":207,"column":8},"end":{"line":207,"column":28}},"68":{"start":{"line":208,"column":8},"end":{"line":208,"column":30}},"69":{"start":{"line":209,"column":8},"end":{"line":209,"column":28}},"70":{"start":{"line":210,"column":8},"end":{"line":210,"column":40}},"71":{"start":{"line":213,"column":8},"end":{"line":218,"column":15}},"72":{"start":{"line":214,"column":12},"end":{"line":214,"column":37}},"73":{"start":{"line":215,"column":12},"end":{"line":217,"column":13}},"74":{"start":{"line":216,"column":16},"end":{"line":216,"column":30}},"75":{"start":{"line":225,"column":8},"end":{"line":227,"column":9}},"76":{"start":{"line":226,"column":12},"end":{"line":226,"column":56}},"77":{"start":{"line":229,"column":8},"end":{"line":229,"column":43}},"78":{"start":{"line":232,"column":8},"end":{"line":237,"column":14}},"79":{"start":{"line":233,"column":12},"end":{"line":233,"column":36}},"80":{"start":{"line":234,"column":12},"end":{"line":236,"column":13}},"81":{"start":{"line":235,"column":16},"end":{"line":235,"column":43}},"82":{"start":{"line":244,"column":8},"end":{"line":244,"column":36}},"83":{"start":{"line":245,"column":8},"end":{"line":250,"column":14}},"84":{"start":{"line":246,"column":12},"end":{"line":246,"column":39}},"85":{"start":{"line":247,"column":12},"end":{"line":249,"column":13}},"86":{"start":{"line":248,"column":16},"end":{"line":248,"column":31}},"87":{"start":{"line":257,"column":8},"end":{"line":259,"column":9}},"88":{"start":{"line":258,"column":12},"end":{"line":258,"column":37}},"89":{"start":{"line":268,"column":8},"end":{"line":268,"column":45}},"90":{"start":{"line":269,"column":8},"end":{"line":269,"column":43}},"91":{"start":{"line":278,"column":8},"end":{"line":278,"column":53}},"92":{"start":{"line":279,"column":8},"end":{"line":279,"column":61}},"93":{"start":{"line":280,"column":8},"end":{"line":280,"column":47}},"94":{"start":{"line":289,"column":8},"end":{"line":289,"column":23}},"95":{"start":{"line":290,"column":8},"end":{"line":290,"column":35}},"96":{"start":{"line":291,"column":8},"end":{"line":291,"column":51}},"97":{"start":{"line":292,"column":8},"end":{"line":292,"column":32}},"98":{"start":{"line":295,"column":8},"end":{"line":295,"column":27}},"99":{"start":{"line":296,"column":8},"end":{"line":296,"column":28}},"100":{"start":{"line":297,"column":8},"end":{"line":297,"column":30}},"101":{"start":{"line":298,"column":8},"end":{"line":298,"column":28}},"102":{"start":{"line":301,"column":8},"end":{"line":306,"column":15}},"103":{"start":{"line":302,"column":12},"end":{"line":302,"column":49}},"104":{"start":{"line":303,"column":12},"end":{"line":305,"column":13}},"105":{"start":{"line":304,"column":16},"end":{"line":304,"column":46}},"106":{"start":{"line":313,"column":8},"end":{"line":315,"column":9}},"107":{"start":{"line":314,"column":12},"end":{"line":314,"column":53}},"108":{"start":{"line":323,"column":8},"end":{"line":323,"column":48}},"109":{"start":{"line":324,"column":8},"end":{"line":329,"column":14}},"110":{"start":{"line":325,"column":12},"end":{"line":325,"column":51}},"111":{"start":{"line":326,"column":12},"end":{"line":328,"column":13}},"112":{"start":{"line":327,"column":16},"end":{"line":327,"column":91}},"113":{"start":{"line":336,"column":8},"end":{"line":338,"column":9}},"114":{"start":{"line":337,"column":12},"end":{"line":337,"column":37}},"115":{"start":{"line":343,"column":0},"end":{"line":343,"column":29}},"116":{"start":{"line":344,"column":0},"end":{"line":344,"column":23}},"117":{"start":{"line":345,"column":0},"end":{"line":345,"column":26}},"118":{"start":{"line":346,"column":0},"end":{"line":346,"column":25}},"119":{"start":{"line":353,"column":8},"end":{"line":353,"column":75}},"120":{"start":{"line":354,"column":8},"end":{"line":354,"column":36}},"121":{"start":{"line":358,"column":8},"end":{"line":358,"column":28}},"122":{"start":{"line":362,"column":8},"end":{"line":362,"column":60}},"123":{"start":{"line":362,"column":40},"end":{"line":362,"column":58}},"124":{"start":{"line":366,"column":8},"end":{"line":366,"column":60}},"125":{"start":{"line":366,"column":40},"end":{"line":366,"column":58}},"126":{"start":{"line":370,"column":8},"end":{"line":370,"column":33}},"127":{"start":{"line":374,"column":22},"end":{"line":374,"column":49}},"128":{"start":{"line":375,"column":8},"end":{"line":377,"column":9}},"129":{"start":{"line":376,"column":12},"end":{"line":376,"column":42}},"130":{"start":{"line":386,"column":8},"end":{"line":386,"column":36}},"131":{"start":{"line":387,"column":8},"end":{"line":387,"column":74}},"132":{"start":{"line":388,"column":8},"end":{"line":388,"column":52}},"133":{"start":{"line":389,"column":8},"end":{"line":389,"column":28}},"134":{"start":{"line":390,"column":8},"end":{"line":390,"column":27}},"135":{"start":{"line":391,"column":8},"end":{"line":391,"column":33}},"136":{"start":{"line":393,"column":8},"end":{"line":393,"column":28}},"137":{"start":{"line":394,"column":8},"end":{"line":394,"column":27}},"138":{"start":{"line":395,"column":8},"end":{"line":395,"column":29}},"139":{"start":{"line":399,"column":8},"end":{"line":399,"column":34}},"140":{"start":{"line":400,"column":8},"end":{"line":402,"column":9}},"141":{"start":{"line":401,"column":12},"end":{"line":401,"column":27}},"142":{"start":{"line":410,"column":4},"end":{"line":410,"column":53}},"143":{"start":{"line":411,"column":4},"end":{"line":411,"column":61}},"144":{"start":{"line":412,"column":4},"end":{"line":412,"column":49}},"145":{"start":{"line":413,"column":4},"end":{"line":413,"column":47}},"146":{"start":{"line":414,"column":4},"end":{"line":414,"column":37}},"147":{"start":{"line":415,"column":4},"end":{"line":415,"column":41}},"148":{"start":{"line":416,"column":4},"end":{"line":416,"column":51}},"149":{"start":{"line":419,"column":4},"end":{"line":419,"column":59}},"150":{"start":{"line":426,"column":4},"end":{"line":426,"column":36}},"151":{"start":{"line":427,"column":4},"end":{"line":427,"column":40}},"152":{"start":{"line":428,"column":4},"end":{"line":428,"column":34}},"153":{"start":{"line":429,"column":4},"end":{"line":429,"column":33}},"154":{"start":{"line":430,"column":4},"end":{"line":430,"column":28}},"155":{"start":{"line":431,"column":4},"end":{"line":431,"column":30}},"156":{"start":{"line":432,"column":4},"end":{"line":432,"column":35}},"157":{"start":{"line":433,"column":4},"end":{"line":433,"column":42}},"158":{"start":{"line":437,"column":0},"end":{"line":447,"column":2}}},"fnMap":{"0":{"name":"(anonymous_0)","decl":{"start":{"line":13,"column":4},"end":{"line":13,"column":5}},"loc":{"start":{"line":13,"column":31},"end":{"line":33,"column":5}},"line":13},"1":{"name":"(anonymous_1)","decl":{"start":{"line":38,"column":4},"end":{"line":38,"column":5}},"loc":{"start":{"line":38,"column":57},"end":{"line":48,"column":5}},"line":38},"2":{"name":"(anonymous_2)","decl":{"start":{"line":39,"column":19},"end":{"line":39,"column":20}},"loc":{"start":{"line":39,"column":25},"end":{"line":47,"column":9}},"line":39},"3":{"name":"(anonymous_3)","decl":{"start":{"line":53,"column":4},"end":{"line":53,"column":5}},"loc":{"start":{"line":53,"column":58},"end":{"line":63,"column":5}},"line":53},"4":{"name":"(anonymous_4)","decl":{"start":{"line":54,"column":19},"end":{"line":54,"column":20}},"loc":{"start":{"line":54,"column":25},"end":{"line":62,"column":9}},"line":54},"5":{"name":"(anonymous_5)","decl":{"start":{"line":68,"column":4},"end":{"line":68,"column":5}},"loc":{"start":{"line":68,"column":69},"end":{"line":76,"column":5}},"line":68},"6":{"name":"(anonymous_6)","decl":{"start":{"line":69,"column":19},"end":{"line":69,"column":20}},"loc":{"start":{"line":69,"column":25},"end":{"line":75,"column":9}},"line":69},"7":{"name":"(anonymous_7)","decl":{"start":{"line":81,"column":4},"end":{"line":81,"column":5}},"loc":{"start":{"line":81,"column":70},"end":{"line":89,"column":5}},"line":81},"8":{"name":"(anonymous_8)","decl":{"start":{"line":82,"column":19},"end":{"line":82,"column":20}},"loc":{"start":{"line":82,"column":25},"end":{"line":88,"column":9}},"line":82},"9":{"name":"(anonymous_9)","decl":{"start":{"line":94,"column":4},"end":{"line":94,"column":5}},"loc":{"start":{"line":94,"column":31},"end":{"line":97,"column":5}},"line":94},"10":{"name":"(anonymous_10)","decl":{"start":{"line":102,"column":4},"end":{"line":102,"column":5}},"loc":{"start":{"line":102,"column":38},"end":{"line":106,"column":5}},"line":102},"11":{"name":"(anonymous_11)","decl":{"start":{"line":111,"column":4},"end":{"line":111,"column":5}},"loc":{"start":{"line":111,"column":22},"end":{"line":117,"column":5}},"line":111},"12":{"name":"(anonymous_12)","decl":{"start":{"line":113,"column":35},"end":{"line":113,"column":36}},"loc":{"start":{"line":113,"column":44},"end":{"line":116,"column":9}},"line":113},"13":{"name":"(anonymous_13)","decl":{"start":{"line":122,"column":4},"end":{"line":122,"column":5}},"loc":{"start":{"line":122,"column":25},"end":{"line":124,"column":5}},"line":122},"14":{"name":"(anonymous_14)","decl":{"start":{"line":123,"column":45},"end":{"line":123,"column":46}},"loc":{"start":{"line":123,"column":55},"end":{"line":123,"column":79}},"line":123},"15":{"name":"(anonymous_15)","decl":{"start":{"line":129,"column":4},"end":{"line":129,"column":5}},"loc":{"start":{"line":129,"column":28},"end":{"line":133,"column":5}},"line":129},"16":{"name":"(anonymous_16)","decl":{"start":{"line":138,"column":4},"end":{"line":138,"column":5}},"loc":{"start":{"line":138,"column":24},"end":{"line":143,"column":5}},"line":138},"17":{"name":"(anonymous_17)","decl":{"start":{"line":148,"column":4},"end":{"line":148,"column":5}},"loc":{"start":{"line":148,"column":17},"end":{"line":150,"column":5}},"line":148},"18":{"name":"(anonymous_18)","decl":{"start":{"line":155,"column":4},"end":{"line":155,"column":5}},"loc":{"start":{"line":155,"column":19},"end":{"line":157,"column":5}},"line":155},"19":{"name":"(anonymous_19)","decl":{"start":{"line":162,"column":4},"end":{"line":162,"column":5}},"loc":{"start":{"line":162,"column":12},"end":{"line":167,"column":5}},"line":162},"20":{"name":"(anonymous_20)","decl":{"start":{"line":166,"column":35},"end":{"line":166,"column":36}},"loc":{"start":{"line":166,"column":41},"end":{"line":166,"column":51}},"line":166},"21":{"name":"(anonymous_21)","decl":{"start":{"line":172,"column":4},"end":{"line":172,"column":5}},"loc":{"start":{"line":172,"column":28},"end":{"line":182,"column":5}},"line":172},"22":{"name":"(anonymous_22)","decl":{"start":{"line":187,"column":4},"end":{"line":187,"column":5}},"loc":{"start":{"line":187,"column":33},"end":{"line":191,"column":5}},"line":187},"23":{"name":"(anonymous_23)","decl":{"start":{"line":198,"column":4},"end":{"line":198,"column":5}},"loc":{"start":{"line":198,"column":32},"end":{"line":219,"column":5}},"line":198},"24":{"name":"(anonymous_24)","decl":{"start":{"line":213,"column":19},"end":{"line":213,"column":20}},"loc":{"start":{"line":213,"column":25},"end":{"line":218,"column":9}},"line":213},"25":{"name":"(anonymous_25)","decl":{"start":{"line":224,"column":4},"end":{"line":224,"column":5}},"loc":{"start":{"line":224,"column":15},"end":{"line":238,"column":5}},"line":224},"26":{"name":"(anonymous_26)","decl":{"start":{"line":232,"column":19},"end":{"line":232,"column":20}},"loc":{"start":{"line":232,"column":25},"end":{"line":237,"column":9}},"line":232},"27":{"name":"(anonymous_27)","decl":{"start":{"line":243,"column":4},"end":{"line":243,"column":5}},"loc":{"start":{"line":243,"column":12},"end":{"line":251,"column":5}},"line":243},"28":{"name":"(anonymous_28)","decl":{"start":{"line":245,"column":19},"end":{"line":245,"column":20}},"loc":{"start":{"line":245,"column":25},"end":{"line":250,"column":9}},"line":245},"29":{"name":"(anonymous_29)","decl":{"start":{"line":256,"column":4},"end":{"line":256,"column":5}},"loc":{"start":{"line":256,"column":27},"end":{"line":260,"column":5}},"line":256},"30":{"name":"(anonymous_30)","decl":{"start":{"line":267,"column":4},"end":{"line":267,"column":5}},"loc":{"start":{"line":267,"column":37},"end":{"line":270,"column":5}},"line":267},"31":{"name":"(anonymous_31)","decl":{"start":{"line":277,"column":4},"end":{"line":277,"column":5}},"loc":{"start":{"line":277,"column":35},"end":{"line":281,"column":5}},"line":277},"32":{"name":"(anonymous_32)","decl":{"start":{"line":288,"column":4},"end":{"line":288,"column":5}},"loc":{"start":{"line":288,"column":32},"end":{"line":307,"column":5}},"line":288},"33":{"name":"(anonymous_33)","decl":{"start":{"line":301,"column":19},"end":{"line":301,"column":20}},"loc":{"start":{"line":301,"column":25},"end":{"line":306,"column":9}},"line":301},"34":{"name":"(anonymous_34)","decl":{"start":{"line":312,"column":4},"end":{"line":312,"column":5}},"loc":{"start":{"line":312,"column":15},"end":{"line":317,"column":5}},"line":312},"35":{"name":"(anonymous_35)","decl":{"start":{"line":322,"column":4},"end":{"line":322,"column":5}},"loc":{"start":{"line":322,"column":24},"end":{"line":330,"column":5}},"line":322},"36":{"name":"(anonymous_36)","decl":{"start":{"line":324,"column":19},"end":{"line":324,"column":20}},"loc":{"start":{"line":324,"column":25},"end":{"line":329,"column":9}},"line":324},"37":{"name":"(anonymous_37)","decl":{"start":{"line":335,"column":4},"end":{"line":335,"column":5}},"loc":{"start":{"line":335,"column":27},"end":{"line":339,"column":5}},"line":335},"38":{"name":"(anonymous_38)","decl":{"start":{"line":352,"column":4},"end":{"line":352,"column":5}},"loc":{"start":{"line":352,"column":24},"end":{"line":355,"column":5}},"line":352},"39":{"name":"(anonymous_39)","decl":{"start":{"line":357,"column":4},"end":{"line":357,"column":5}},"loc":{"start":{"line":357,"column":16},"end":{"line":359,"column":5}},"line":357},"40":{"name":"(anonymous_40)","decl":{"start":{"line":361,"column":4},"end":{"line":361,"column":5}},"loc":{"start":{"line":361,"column":21},"end":{"line":363,"column":5}},"line":361},"41":{"name":"(anonymous_41)","decl":{"start":{"line":362,"column":35},"end":{"line":362,"column":36}},"loc":{"start":{"line":362,"column":40},"end":{"line":362,"column":58}},"line":362},"42":{"name":"(anonymous_42)","decl":{"start":{"line":365,"column":4},"end":{"line":365,"column":5}},"loc":{"start":{"line":365,"column":21},"end":{"line":367,"column":5}},"line":365},"43":{"name":"(anonymous_43)","decl":{"start":{"line":366,"column":35},"end":{"line":366,"column":36}},"loc":{"start":{"line":366,"column":40},"end":{"line":366,"column":58}},"line":366},"44":{"name":"(anonymous_44)","decl":{"start":{"line":369,"column":4},"end":{"line":369,"column":5}},"loc":{"start":{"line":369,"column":20},"end":{"line":371,"column":5}},"line":369},"45":{"name":"(anonymous_45)","decl":{"start":{"line":373,"column":4},"end":{"line":373,"column":5}},"loc":{"start":{"line":373,"column":23},"end":{"line":378,"column":5}},"line":373},"46":{"name":"(anonymous_46)","decl":{"start":{"line":385,"column":4},"end":{"line":385,"column":5}},"loc":{"start":{"line":385,"column":22},"end":{"line":396,"column":5}},"line":385},"47":{"name":"(anonymous_47)","decl":{"start":{"line":398,"column":4},"end":{"line":398,"column":5}},"loc":{"start":{"line":398,"column":11},"end":{"line":403,"column":5}},"line":398},"48":{"name":"setupGlobalMocks","decl":{"start":{"line":409,"column":9},"end":{"line":409,"column":25}},"loc":{"start":{"line":409,"column":28},"end":{"line":420,"column":1}},"line":409},"49":{"name":"cleanupGlobalMocks","decl":{"start":{"line":425,"column":9},"end":{"line":425,"column":27}},"loc":{"start":{"line":425,"column":30},"end":{"line":434,"column":1}},"line":425}},"branchMap":{"0":{"loc":{"start":{"line":44,"column":12},"end":{"line":46,"column":13}},"type":"if","locations":[{"start":{"line":44,"column":12},"end":{"line":46,"column":13}},{"start":{},"end":{}}],"line":44},"1":{"loc":{"start":{"line":59,"column":12},"end":{"line":61,"column":13}},"type":"if","locations":[{"start":{"line":59,"column":12},"end":{"line":61,"column":13}},{"start":{},"end":{}}],"line":59},"2":{"loc":{"start":{"line":71,"column":34},"end":{"line":71,"column":94}},"type":"cond-expr","locations":[{"start":{"line":71,"column":65},"end":{"line":71,"column":83}},{"start":{"line":71,"column":86},"end":{"line":71,"column":94}}],"line":71},"3":{"loc":{"start":{"line":72,"column":12},"end":{"line":74,"column":13}},"type":"if","locations":[{"start":{"line":72,"column":12},"end":{"line":74,"column":13}},{"start":{},"end":{}}],"line":72},"4":{"loc":{"start":{"line":84,"column":34},"end":{"line":84,"column":95}},"type":"cond-expr","locations":[{"start":{"line":84,"column":65},"end":{"line":84,"column":84}},{"start":{"line":84,"column":87},"end":{"line":84,"column":95}}],"line":84},"5":{"loc":{"start":{"line":85,"column":12},"end":{"line":87,"column":13}},"type":"if","locations":[{"start":{"line":85,"column":12},"end":{"line":87,"column":13}},{"start":{},"end":{}}],"line":85},"6":{"loc":{"start":{"line":140,"column":8},"end":{"line":142,"column":9}},"type":"if","locations":[{"start":{"line":140,"column":8},"end":{"line":142,"column":9}},{"start":{},"end":{}}],"line":140},"7":{"loc":{"start":{"line":173,"column":8},"end":{"line":181,"column":9}},"type":"if","locations":[{"start":{"line":173,"column":8},"end":{"line":181,"column":9}},{"start":{},"end":{}}],"line":173},"8":{"loc":{"start":{"line":188,"column":8},"end":{"line":190,"column":9}},"type":"if","locations":[{"start":{"line":188,"column":8},"end":{"line":190,"column":9}},{"start":{},"end":{}}],"line":188},"9":{"loc":{"start":{"line":200,"column":24},"end":{"line":200,"column":47}},"type":"binary-expr","locations":[{"start":{"line":200,"column":24},"end":{"line":200,"column":41}},{"start":{"line":200,"column":45},"end":{"line":200,"column":47}}],"line":200},"10":{"loc":{"start":{"line":215,"column":12},"end":{"line":217,"column":13}},"type":"if","locations":[{"start":{"line":215,"column":12},"end":{"line":217,"column":13}},{"start":{},"end":{}}],"line":215},"11":{"loc":{"start":{"line":225,"column":8},"end":{"line":227,"column":9}},"type":"if","locations":[{"start":{"line":225,"column":8},"end":{"line":227,"column":9}},{"start":{},"end":{}}],"line":225},"12":{"loc":{"start":{"line":234,"column":12},"end":{"line":236,"column":13}},"type":"if","locations":[{"start":{"line":234,"column":12},"end":{"line":236,"column":13}},{"start":{},"end":{}}],"line":234},"13":{"loc":{"start":{"line":247,"column":12},"end":{"line":249,"column":13}},"type":"if","locations":[{"start":{"line":247,"column":12},"end":{"line":249,"column":13}},{"start":{},"end":{}}],"line":247},"14":{"loc":{"start":{"line":257,"column":8},"end":{"line":259,"column":9}},"type":"if","locations":[{"start":{"line":257,"column":8},"end":{"line":259,"column":9}},{"start":{},"end":{}}],"line":257},"15":{"loc":{"start":{"line":303,"column":12},"end":{"line":305,"column":13}},"type":"if","locations":[{"start":{"line":303,"column":12},"end":{"line":305,"column":13}},{"start":{},"end":{}}],"line":303},"16":{"loc":{"start":{"line":313,"column":8},"end":{"line":315,"column":9}},"type":"if","locations":[{"start":{"line":313,"column":8},"end":{"line":315,"column":9}},{"start":{},"end":{}}],"line":313},"17":{"loc":{"start":{"line":326,"column":12},"end":{"line":328,"column":13}},"type":"if","locations":[{"start":{"line":326,"column":12},"end":{"line":328,"column":13}},{"start":{},"end":{}}],"line":326},"18":{"loc":{"start":{"line":327,"column":37},"end":{"line":327,"column":49}},"type":"binary-expr","locations":[{"start":{"line":327,"column":37},"end":{"line":327,"column":41}},{"start":{"line":327,"column":45},"end":{"line":327,"column":49}}],"line":327},"19":{"loc":{"start":{"line":327,"column":59},"end":{"line":327,"column":71}},"type":"binary-expr","locations":[{"start":{"line":327,"column":59},"end":{"line":327,"column":65}},{"start":{"line":327,"column":69},"end":{"line":327,"column":71}}],"line":327},"20":{"loc":{"start":{"line":336,"column":8},"end":{"line":338,"column":9}},"type":"if","locations":[{"start":{"line":336,"column":8},"end":{"line":338,"column":9}},{"start":{},"end":{}}],"line":336},"21":{"loc":{"start":{"line":354,"column":23},"end":{"line":354,"column":35}},"type":"binary-expr","locations":[{"start":{"line":354,"column":23},"end":{"line":354,"column":29}},{"start":{"line":354,"column":33},"end":{"line":354,"column":35}}],"line":354},"22":{"loc":{"start":{"line":375,"column":8},"end":{"line":377,"column":9}},"type":"if","locations":[{"start":{"line":375,"column":8},"end":{"line":377,"column":9}},{"start":{},"end":{}}],"line":375},"23":{"loc":{"start":{"line":386,"column":20},"end":{"line":386,"column":35}},"type":"binary-expr","locations":[{"start":{"line":386,"column":20},"end":{"line":386,"column":24}},{"start":{"line":386,"column":28},"end":{"line":386,"column":35}}],"line":386},"24":{"loc":{"start":{"line":400,"column":8},"end":{"line":402,"column":9}},"type":"if","locations":[{"start":{"line":400,"column":8},"end":{"line":402,"column":9}},{"start":{},"end":{}}],"line":400}},"s":{"0":51,"1":51,"2":51,"3":51,"4":51,"5":51,"6":51,"7":51,"8":51,"9":51,"10":51,"11":51,"12":51,"13":51,"14":51,"15":51,"16":51,"17":4,"18":4,"19":4,"20":4,"21":2,"22":2,"23":2,"24":2,"25":3,"26":3,"27":3,"28":3,"29":3,"30":2,"31":2,"32":2,"33":2,"34":2,"35":0,"36":22,"37":22,"38":22,"39":8,"40":9,"41":9,"42":4,"43":4,"44":0,"45":0,"46":0,"47":0,"48":0,"49":0,"50":9,"51":0,"52":5,"53":5,"54":5,"55":5,"56":4,"57":3,"58":3,"59":2,"60":2,"61":22,"62":22,"63":22,"64":22,"65":22,"66":22,"67":22,"68":22,"69":22,"70":22,"71":22,"72":22,"73":22,"74":6,"75":6,"76":1,"77":5,"78":5,"79":5,"80":5,"81":0,"82":11,"83":11,"84":11,"85":11,"86":1,"87":1,"88":1,"89":0,"90":0,"91":0,"92":0,"93":0,"94":21,"95":21,"96":21,"97":21,"98":21,"99":21,"100":21,"101":21,"102":21,"103":20,"104":20,"105":18,"106":7,"107":0,"108":7,"109":7,"110":7,"111":7,"112":6,"113":1,"114":1,"115":1,"116":1,"117":1,"118":1,"119":9,"120":9,"121":8,"122":0,"123":0,"124":0,"125":0,"126":0,"127":0,"128":0,"129":0,"130":10,"131":10,"132":10,"133":10,"134":10,"135":10,"136":10,"137":10,"138":10,"139":0,"140":0,"141":0,"142":73,"143":73,"144":73,"145":73,"146":73,"147":73,"148":73,"149":73,"150":73,"151":73,"152":73,"153":73,"154":73,"155":73,"156":73,"157":73,"158":1},"f":{"0":51,"1":4,"2":4,"3":2,"4":2,"5":3,"6":3,"7":2,"8":2,"9":0,"10":22,"11":8,"12":9,"13":4,"14":4,"15":0,"16":0,"17":9,"18":0,"19":5,"20":4,"21":3,"22":2,"23":22,"24":22,"25":6,"26":5,"27":11,"28":11,"29":1,"30":0,"31":0,"32":21,"33":20,"34":7,"35":7,"36":7,"37":1,"38":9,"39":8,"40":0,"41":0,"42":0,"43":0,"44":0,"45":0,"46":10,"47":0,"48":73,"49":73},"b":{"0":[4,0],"1":[2,0],"2":[2,1],"3":[3,0],"4":[2,0],"5":[2,0],"6":[0,0],"7":[3,0],"8":[2,0],"9":[22,0],"10":[6,16],"11":[1,5],"12":[0,5],"13":[1,10],"14":[1,0],"15":[18,2],"16":[0,7],"17":[6,1],"18":[6,3],"19":[6,3],"20":[1,0],"21":[9,0],"22":[0,0],"23":[10,0],"24":[0,0]},"_coverageSchema":"1a1c01bbd47fc00a2c39e90264f33305004495a9","hash":"0c958ca3ed61d7f20f0c68d4cbcecefc33644729","contentHash":"b518e64b193fd2a6cdd941efc8f9269a106cb4d60503a3c09fadff36624a50d4"},"/Users/danielororke/GitHub/HiveClass/hiveclass-master/student/webrtc/test/client.spec.js":{"path":"/Users/danielororke/GitHub/HiveClass/hiveclass-master/student/webrtc/test/client.spec.js","statementMap":{"0":{"start":{"line":8,"column":17},"end":{"line":8,"column":32}},"1":{"start":{"line":16,"column":4},"end":{"line":16,"column":46}},"2":{"start":{"line":18,"column":0},"end":{"line":427,"column":3}},"3":{"start":{"line":19,"column":4},"end":{"line":21,"column":7}},"4":{"start":{"line":20,"column":8},"end":{"line":20,"column":27}},"5":{"start":{"line":23,"column":4},"end":{"line":25,"column":7}},"6":{"start":{"line":24,"column":8},"end":{"line":24,"column":29}},"7":{"start":{"line":27,"column":4},"end":{"line":40,"column":7}},"8":{"start":{"line":28,"column":8},"end":{"line":31,"column":11}},"9":{"start":{"line":33,"column":8},"end":{"line":35,"column":11}},"10":{"start":{"line":37,"column":8},"end":{"line":39,"column":11}},"11":{"start":{"line":42,"column":4},"end":{"line":100,"column":7}},"12":{"start":{"line":43,"column":8},"end":{"line":46,"column":11}},"13":{"start":{"line":44,"column":23},"end":{"line":44,"column":68}},"14":{"start":{"line":45,"column":12},"end":{"line":45,"column":80}},"15":{"start":{"line":48,"column":8},"end":{"line":50,"column":11}},"16":{"start":{"line":49,"column":12},"end":{"line":49,"column":83}},"17":{"start":{"line":52,"column":8},"end":{"line":56,"column":11}},"18":{"start":{"line":53,"column":23},"end":{"line":53,"column":68}},"19":{"start":{"line":54,"column":12},"end":{"line":54,"column":46}},"20":{"start":{"line":55,"column":12},"end":{"line":55,"column":58}},"21":{"start":{"line":58,"column":8},"end":{"line":73,"column":11}},"22":{"start":{"line":59,"column":23},"end":{"line":59,"column":68}},"23":{"start":{"line":60,"column":36},"end":{"line":60,"column":41}},"24":{"start":{"line":62,"column":12},"end":{"line":69,"column":14}},"25":{"start":{"line":63,"column":16},"end":{"line":68,"column":19}},"26":{"start":{"line":64,"column":20},"end":{"line":64,"column":45}},"27":{"start":{"line":65,"column":20},"end":{"line":65,"column":68}},"28":{"start":{"line":66,"column":20},"end":{"line":66,"column":58}},"29":{"start":{"line":67,"column":20},"end":{"line":67,"column":27}},"30":{"start":{"line":72,"column":12},"end":{"line":72,"column":44}},"31":{"start":{"line":75,"column":8},"end":{"line":90,"column":11}},"32":{"start":{"line":76,"column":23},"end":{"line":76,"column":68}},"33":{"start":{"line":77,"column":33},"end":{"line":77,"column":37}},"34":{"start":{"line":79,"column":12},"end":{"line":81,"column":14}},"35":{"start":{"line":80,"column":16},"end":{"line":80,"column":46}},"36":{"start":{"line":84,"column":31},"end":{"line":84,"column":87}},"37":{"start":{"line":85,"column":12},"end":{"line":87,"column":13}},"38":{"start":{"line":86,"column":16},"end":{"line":86,"column":55}},"39":{"start":{"line":89,"column":12},"end":{"line":89,"column":50}},"40":{"start":{"line":92,"column":8},"end":{"line":99,"column":11}},"41":{"start":{"line":93,"column":23},"end":{"line":93,"column":68}},"42":{"start":{"line":94,"column":32},"end":{"line":94,"column":93}},"43":{"start":{"line":96,"column":12},"end":{"line":96,"column":47}},"44":{"start":{"line":97,"column":12},"end":{"line":97,"column":67}},"45":{"start":{"line":98,"column":12},"end":{"line":98,"column":57}},"46":{"start":{"line":102,"column":4},"end":{"line":210,"column":7}},"47":{"start":{"line":103,"column":8},"end":{"line":135,"column":11}},"48":{"start":{"line":104,"column":31},"end":{"line":104,"column":36}},"49":{"start":{"line":105,"column":33},"end":{"line":105,"column":61}},"50":{"start":{"line":106,"column":28},"end":{"line":106,"column":56}},"51":{"start":{"line":108,"column":12},"end":{"line":108,"column":65}},"52":{"start":{"line":111,"column":27},"end":{"line":111,"column":29}},"53":{"start":{"line":112,"column":24},"end":{"line":112,"column":25}},"54":{"start":{"line":113,"column":23},"end":{"line":113,"column":33}},"55":{"start":{"line":115,"column":12},"end":{"line":123,"column":13}},"56":{"start":{"line":116,"column":16},"end":{"line":120,"column":19}},"57":{"start":{"line":121,"column":16},"end":{"line":121,"column":29}},"58":{"start":{"line":122,"column":16},"end":{"line":122,"column":35}},"59":{"start":{"line":126,"column":12},"end":{"line":131,"column":15}},"60":{"start":{"line":133,"column":12},"end":{"line":133,"column":46}},"61":{"start":{"line":134,"column":12},"end":{"line":134,"column":79}},"62":{"start":{"line":137,"column":8},"end":{"line":180,"column":11}},"63":{"start":{"line":138,"column":33},"end":{"line":138,"column":87}},"64":{"start":{"line":139,"column":31},"end":{"line":139,"column":33}},"65":{"start":{"line":142,"column":27},"end":{"line":142,"column":29}},"66":{"start":{"line":143,"column":24},"end":{"line":143,"column":25}},"67":{"start":{"line":144,"column":23},"end":{"line":144,"column":33}},"68":{"start":{"line":145,"column":23},"end":{"line":145,"column":41}},"69":{"start":{"line":147,"column":12},"end":{"line":155,"column":13}},"70":{"start":{"line":148,"column":16},"end":{"line":152,"column":19}},"71":{"start":{"line":153,"column":16},"end":{"line":153,"column":29}},"72":{"start":{"line":154,"column":16},"end":{"line":154,"column":35}},"73":{"start":{"line":157,"column":12},"end":{"line":162,"column":15}},"74":{"start":{"line":165,"column":35},"end":{"line":165,"column":37}},"75":{"start":{"line":166,"column":12},"end":{"line":171,"column":15}},"76":{"start":{"line":167,"column":16},"end":{"line":167,"column":55}},"77":{"start":{"line":168,"column":16},"end":{"line":170,"column":17}},"78":{"start":{"line":169,"column":20},"end":{"line":169,"column":57}},"79":{"start":{"line":173,"column":34},"end":{"line":175,"column":44}},"80":{"start":{"line":174,"column":29},"end":{"line":174,"column":48}},"81":{"start":{"line":175,"column":26},"end":{"line":175,"column":43}},"82":{"start":{"line":177,"column":34},"end":{"line":177,"column":56}},"83":{"start":{"line":179,"column":12},"end":{"line":179,"column":57}},"84":{"start":{"line":182,"column":8},"end":{"line":209,"column":11}},"85":{"start":{"line":183,"column":27},"end":{"line":188,"column":13}},"86":{"start":{"line":190,"column":35},"end":{"line":190,"column":37}},"87":{"start":{"line":193,"column":12},"end":{"line":198,"column":15}},"88":{"start":{"line":194,"column":16},"end":{"line":194,"column":55}},"89":{"start":{"line":195,"column":16},"end":{"line":197,"column":17}},"90":{"start":{"line":196,"column":20},"end":{"line":196,"column":57}},"91":{"start":{"line":201,"column":34},"end":{"line":204,"column":44}},"92":{"start":{"line":202,"column":29},"end":{"line":202,"column":48}},"93":{"start":{"line":203,"column":32},"end":{"line":203,"column":57}},"94":{"start":{"line":204,"column":26},"end":{"line":204,"column":43}},"95":{"start":{"line":206,"column":34},"end":{"line":206,"column":56}},"96":{"start":{"line":208,"column":12},"end":{"line":208,"column":67}},"97":{"start":{"line":212,"column":4},"end":{"line":260,"column":7}},"98":{"start":{"line":213,"column":8},"end":{"line":223,"column":11}},"99":{"start":{"line":214,"column":23},"end":{"line":214,"column":68}},"100":{"start":{"line":216,"column":12},"end":{"line":222,"column":15}},"101":{"start":{"line":217,"column":16},"end":{"line":217,"column":64}},"102":{"start":{"line":218,"column":16},"end":{"line":218,"column":54}},"103":{"start":{"line":219,"column":16},"end":{"line":219,"column":23}},"104":{"start":{"line":221,"column":16},"end":{"line":221,"column":28}},"105":{"start":{"line":225,"column":8},"end":{"line":239,"column":11}},"106":{"start":{"line":226,"column":23},"end":{"line":226,"column":68}},"107":{"start":{"line":228,"column":12},"end":{"line":238,"column":15}},"108":{"start":{"line":229,"column":16},"end":{"line":235,"column":19}},"109":{"start":{"line":230,"column":20},"end":{"line":230,"column":63}},"110":{"start":{"line":231,"column":20},"end":{"line":231,"column":71}},"111":{"start":{"line":232,"column":20},"end":{"line":232,"column":27}},"112":{"start":{"line":234,"column":20},"end":{"line":234,"column":32}},"113":{"start":{"line":237,"column":16},"end":{"line":237,"column":28}},"114":{"start":{"line":241,"column":8},"end":{"line":259,"column":11}},"115":{"start":{"line":242,"column":23},"end":{"line":242,"column":68}},"116":{"start":{"line":243,"column":32},"end":{"line":246,"column":13}},"117":{"start":{"line":248,"column":12},"end":{"line":258,"column":15}},"118":{"start":{"line":249,"column":16},"end":{"line":255,"column":19}},"119":{"start":{"line":250,"column":20},"end":{"line":250,"column":70}},"120":{"start":{"line":251,"column":20},"end":{"line":251,"column":59}},"121":{"start":{"line":252,"column":20},"end":{"line":252,"column":27}},"122":{"start":{"line":254,"column":20},"end":{"line":254,"column":32}},"123":{"start":{"line":257,"column":16},"end":{"line":257,"column":28}},"124":{"start":{"line":262,"column":4},"end":{"line":302,"column":7}},"125":{"start":{"line":263,"column":8},"end":{"line":273,"column":11}},"126":{"start":{"line":264,"column":23},"end":{"line":264,"column":68}},"127":{"start":{"line":265,"column":27},"end":{"line":268,"column":14}},"128":{"start":{"line":270,"column":12},"end":{"line":270,"column":33}},"129":{"start":{"line":272,"column":12},"end":{"line":272,"column":56}},"130":{"start":{"line":275,"column":8},"end":{"line":286,"column":11}},"131":{"start":{"line":276,"column":23},"end":{"line":276,"column":68}},"132":{"start":{"line":277,"column":27},"end":{"line":279,"column":14}},"133":{"start":{"line":281,"column":12},"end":{"line":281,"column":33}},"134":{"start":{"line":282,"column":12},"end":{"line":282,"column":56}},"135":{"start":{"line":284,"column":12},"end":{"line":284,"column":36}},"136":{"start":{"line":285,"column":12},"end":{"line":285,"column":56}},"137":{"start":{"line":288,"column":8},"end":{"line":301,"column":11}},"138":{"start":{"line":289,"column":23},"end":{"line":289,"column":68}},"139":{"start":{"line":290,"column":33},"end":{"line":290,"column":89}},"140":{"start":{"line":292,"column":12},"end":{"line":295,"column":14}},"141":{"start":{"line":293,"column":16},"end":{"line":293,"column":60}},"142":{"start":{"line":294,"column":16},"end":{"line":294,"column":23}},"143":{"start":{"line":298,"column":12},"end":{"line":300,"column":13}},"144":{"start":{"line":299,"column":16},"end":{"line":299,"column":57}},"145":{"start":{"line":304,"column":4},"end":{"line":338,"column":7}},"146":{"start":{"line":305,"column":8},"end":{"line":319,"column":11}},"147":{"start":{"line":306,"column":23},"end":{"line":306,"column":68}},"148":{"start":{"line":307,"column":32},"end":{"line":307,"column":37}},"149":{"start":{"line":309,"column":12},"end":{"line":315,"column":14}},"150":{"start":{"line":310,"column":16},"end":{"line":314,"column":17}},"151":{"start":{"line":311,"column":20},"end":{"line":311,"column":41}},"152":{"start":{"line":312,"column":20},"end":{"line":312,"column":72}},"153":{"start":{"line":313,"column":20},"end":{"line":313,"column":27}},"154":{"start":{"line":318,"column":12},"end":{"line":318,"column":39}},"155":{"start":{"line":321,"column":8},"end":{"line":337,"column":11}},"156":{"start":{"line":322,"column":23},"end":{"line":322,"column":68}},"157":{"start":{"line":323,"column":28},"end":{"line":323,"column":33}},"158":{"start":{"line":325,"column":12},"end":{"line":334,"column":14}},"159":{"start":{"line":326,"column":16},"end":{"line":333,"column":19}},"160":{"start":{"line":327,"column":20},"end":{"line":332,"column":23}},"161":{"start":{"line":328,"column":24},"end":{"line":328,"column":41}},"162":{"start":{"line":329,"column":24},"end":{"line":329,"column":67}},"163":{"start":{"line":330,"column":24},"end":{"line":330,"column":75}},"164":{"start":{"line":331,"column":24},"end":{"line":331,"column":31}},"165":{"start":{"line":336,"column":12},"end":{"line":336,"column":44}},"166":{"start":{"line":340,"column":4},"end":{"line":383,"column":7}},"167":{"start":{"line":341,"column":8},"end":{"line":349,"column":11}},"168":{"start":{"line":342,"column":23},"end":{"line":342,"column":68}},"169":{"start":{"line":343,"column":32},"end":{"line":343,"column":81}},"170":{"start":{"line":345,"column":12},"end":{"line":348,"column":14}},"171":{"start":{"line":346,"column":16},"end":{"line":346,"column":64}},"172":{"start":{"line":347,"column":16},"end":{"line":347,"column":23}},"173":{"start":{"line":351,"column":8},"end":{"line":365,"column":11}},"174":{"start":{"line":352,"column":23},"end":{"line":352,"column":68}},"175":{"start":{"line":353,"column":32},"end":{"line":353,"column":81}},"176":{"start":{"line":355,"column":12},"end":{"line":364,"column":14}},"177":{"start":{"line":356,"column":16},"end":{"line":363,"column":17}},"178":{"start":{"line":357,"column":36},"end":{"line":357,"column":83}},"179":{"start":{"line":358,"column":20},"end":{"line":358,"column":46}},"180":{"start":{"line":359,"column":20},"end":{"line":359,"column":76}},"181":{"start":{"line":360,"column":20},"end":{"line":360,"column":27}},"182":{"start":{"line":362,"column":20},"end":{"line":362,"column":32}},"183":{"start":{"line":367,"column":8},"end":{"line":382,"column":11}},"184":{"start":{"line":368,"column":23},"end":{"line":368,"column":68}},"185":{"start":{"line":369,"column":32},"end":{"line":369,"column":81}},"186":{"start":{"line":371,"column":12},"end":{"line":376,"column":14}},"187":{"start":{"line":372,"column":32},"end":{"line":372,"column":54}},"188":{"start":{"line":373,"column":16},"end":{"line":373,"column":65}},"189":{"start":{"line":374,"column":16},"end":{"line":374,"column":66}},"190":{"start":{"line":375,"column":16},"end":{"line":375,"column":23}},"191":{"start":{"line":378,"column":12},"end":{"line":381,"column":14}},"192":{"start":{"line":379,"column":36},"end":{"line":379,"column":83}},"193":{"start":{"line":380,"column":16},"end":{"line":380,"column":58}},"194":{"start":{"line":385,"column":4},"end":{"line":426,"column":7}},"195":{"start":{"line":386,"column":8},"end":{"line":392,"column":11}},"196":{"start":{"line":387,"column":23},"end":{"line":387,"column":68}},"197":{"start":{"line":388,"column":12},"end":{"line":388,"column":23}},"198":{"start":{"line":390,"column":12},"end":{"line":390,"column":57}},"199":{"start":{"line":391,"column":12},"end":{"line":391,"column":61}},"200":{"start":{"line":394,"column":8},"end":{"line":406,"column":11}},"201":{"start":{"line":395,"column":23},"end":{"line":395,"column":68}},"202":{"start":{"line":396,"column":32},"end":{"line":396,"column":81}},"203":{"start":{"line":398,"column":12},"end":{"line":401,"column":14}},"204":{"start":{"line":399,"column":16},"end":{"line":399,"column":66}},"205":{"start":{"line":400,"column":16},"end":{"line":400,"column":23}},"206":{"start":{"line":403,"column":12},"end":{"line":405,"column":14}},"207":{"start":{"line":404,"column":16},"end":{"line":404,"column":36}},"208":{"start":{"line":408,"column":8},"end":{"line":425,"column":11}},"209":{"start":{"line":409,"column":23},"end":{"line":409,"column":68}},"210":{"start":{"line":410,"column":32},"end":{"line":410,"column":81}},"211":{"start":{"line":412,"column":12},"end":{"line":424,"column":14}},"212":{"start":{"line":413,"column":16},"end":{"line":413,"column":36}},"213":{"start":{"line":415,"column":16},"end":{"line":423,"column":23}},"214":{"start":{"line":416,"column":20},"end":{"line":422,"column":21}},"215":{"start":{"line":417,"column":24},"end":{"line":417,"column":49}},"216":{"start":{"line":418,"column":24},"end":{"line":418,"column":68}},"217":{"start":{"line":420,"column":24},"end":{"line":420,"column":69}},"218":{"start":{"line":421,"column":24},"end":{"line":421,"column":31}}},"fnMap":{"0":{"name":"(anonymous_0)","decl":{"start":{"line":18,"column":51},"end":{"line":18,"column":52}},"loc":{"start":{"line":18,"column":62},"end":{"line":427,"column":1}},"line":18},"1":{"name":"(anonymous_1)","decl":{"start":{"line":19,"column":15},"end":{"line":19,"column":16}},"loc":{"start":{"line":19,"column":26},"end":{"line":21,"column":5}},"line":19},"2":{"name":"(anonymous_2)","decl":{"start":{"line":23,"column":14},"end":{"line":23,"column":15}},"loc":{"start":{"line":23,"column":25},"end":{"line":25,"column":5}},"line":23},"3":{"name":"(anonymous_3)","decl":{"start":{"line":27,"column":28},"end":{"line":27,"column":29}},"loc":{"start":{"line":27,"column":39},"end":{"line":40,"column":5}},"line":27},"4":{"name":"(anonymous_4)","decl":{"start":{"line":28,"column":58},"end":{"line":28,"column":59}},"loc":{"start":{"line":28,"column":69},"end":{"line":31,"column":9}},"line":28},"5":{"name":"(anonymous_5)","decl":{"start":{"line":33,"column":42},"end":{"line":33,"column":43}},"loc":{"start":{"line":33,"column":53},"end":{"line":35,"column":9}},"line":33},"6":{"name":"(anonymous_6)","decl":{"start":{"line":37,"column":47},"end":{"line":37,"column":48}},"loc":{"start":{"line":37,"column":58},"end":{"line":39,"column":9}},"line":37},"7":{"name":"(anonymous_7)","decl":{"start":{"line":42,"column":38},"end":{"line":42,"column":39}},"loc":{"start":{"line":42,"column":49},"end":{"line":100,"column":5}},"line":42},"8":{"name":"(anonymous_8)","decl":{"start":{"line":43,"column":88},"end":{"line":43,"column":89}},"loc":{"start":{"line":43,"column":99},"end":{"line":46,"column":9}},"line":43},"9":{"name":"(anonymous_9)","decl":{"start":{"line":48,"column":76},"end":{"line":48,"column":77}},"loc":{"start":{"line":48,"column":87},"end":{"line":50,"column":9}},"line":48},"10":{"name":"(anonymous_10)","decl":{"start":{"line":52,"column":51},"end":{"line":52,"column":52}},"loc":{"start":{"line":52,"column":62},"end":{"line":56,"column":9}},"line":52},"11":{"name":"(anonymous_11)","decl":{"start":{"line":54,"column":32},"end":{"line":54,"column":33}},"loc":{"start":{"line":54,"column":43},"end":{"line":54,"column":45}},"line":54},"12":{"name":"(anonymous_12)","decl":{"start":{"line":58,"column":78},"end":{"line":58,"column":79}},"loc":{"start":{"line":58,"column":93},"end":{"line":73,"column":9}},"line":58},"13":{"name":"(anonymous_13)","decl":{"start":{"line":62,"column":37},"end":{"line":62,"column":38}},"loc":{"start":{"line":62,"column":48},"end":{"line":69,"column":13}},"line":62},"14":{"name":"(anonymous_14)","decl":{"start":{"line":63,"column":31},"end":{"line":63,"column":32}},"loc":{"start":{"line":63,"column":47},"end":{"line":68,"column":17}},"line":63},"15":{"name":"(anonymous_15)","decl":{"start":{"line":75,"column":65},"end":{"line":75,"column":66}},"loc":{"start":{"line":75,"column":76},"end":{"line":90,"column":9}},"line":75},"16":{"name":"(anonymous_16)","decl":{"start":{"line":79,"column":29},"end":{"line":79,"column":30}},"loc":{"start":{"line":79,"column":45},"end":{"line":81,"column":13}},"line":79},"17":{"name":"(anonymous_17)","decl":{"start":{"line":92,"column":59},"end":{"line":92,"column":60}},"loc":{"start":{"line":92,"column":70},"end":{"line":99,"column":9}},"line":92},"18":{"name":"(anonymous_18)","decl":{"start":{"line":102,"column":38},"end":{"line":102,"column":39}},"loc":{"start":{"line":102,"column":49},"end":{"line":210,"column":5}},"line":102},"19":{"name":"(anonymous_19)","decl":{"start":{"line":103,"column":56},"end":{"line":103,"column":57}},"loc":{"start":{"line":103,"column":67},"end":{"line":135,"column":9}},"line":103},"20":{"name":"(anonymous_20)","decl":{"start":{"line":137,"column":51},"end":{"line":137,"column":52}},"loc":{"start":{"line":137,"column":62},"end":{"line":180,"column":9}},"line":137},"21":{"name":"(anonymous_21)","decl":{"start":{"line":166,"column":27},"end":{"line":166,"column":28}},"loc":{"start":{"line":166,"column":36},"end":{"line":171,"column":13}},"line":166},"22":{"name":"(anonymous_22)","decl":{"start":{"line":174,"column":24},"end":{"line":174,"column":25}},"loc":{"start":{"line":174,"column":29},"end":{"line":174,"column":48}},"line":174},"23":{"name":"(anonymous_23)","decl":{"start":{"line":175,"column":21},"end":{"line":175,"column":22}},"loc":{"start":{"line":175,"column":26},"end":{"line":175,"column":43}},"line":175},"24":{"name":"(anonymous_24)","decl":{"start":{"line":182,"column":48},"end":{"line":182,"column":49}},"loc":{"start":{"line":182,"column":59},"end":{"line":209,"column":9}},"line":182},"25":{"name":"(anonymous_25)","decl":{"start":{"line":193,"column":27},"end":{"line":193,"column":28}},"loc":{"start":{"line":193,"column":36},"end":{"line":198,"column":13}},"line":193},"26":{"name":"(anonymous_26)","decl":{"start":{"line":202,"column":24},"end":{"line":202,"column":25}},"loc":{"start":{"line":202,"column":29},"end":{"line":202,"column":48}},"line":202},"27":{"name":"(anonymous_27)","decl":{"start":{"line":203,"column":22},"end":{"line":203,"column":23}},"loc":{"start":{"line":203,"column":32},"end":{"line":203,"column":57}},"line":203},"28":{"name":"(anonymous_28)","decl":{"start":{"line":204,"column":21},"end":{"line":204,"column":22}},"loc":{"start":{"line":204,"column":26},"end":{"line":204,"column":43}},"line":204},"29":{"name":"(anonymous_29)","decl":{"start":{"line":212,"column":44},"end":{"line":212,"column":45}},"loc":{"start":{"line":212,"column":55},"end":{"line":260,"column":5}},"line":212},"30":{"name":"(anonymous_30)","decl":{"start":{"line":213,"column":71},"end":{"line":213,"column":72}},"loc":{"start":{"line":213,"column":86},"end":{"line":223,"column":9}},"line":213},"31":{"name":"(anonymous_31)","decl":{"start":{"line":216,"column":27},"end":{"line":216,"column":28}},"loc":{"start":{"line":216,"column":43},"end":{"line":220,"column":13}},"line":216},"32":{"name":"(anonymous_32)","decl":{"start":{"line":220,"column":15},"end":{"line":220,"column":16}},"loc":{"start":{"line":220,"column":31},"end":{"line":222,"column":13}},"line":220},"33":{"name":"(anonymous_33)","decl":{"start":{"line":225,"column":79},"end":{"line":225,"column":80}},"loc":{"start":{"line":225,"column":94},"end":{"line":239,"column":9}},"line":225},"34":{"name":"(anonymous_34)","decl":{"start":{"line":228,"column":27},"end":{"line":228,"column":28}},"loc":{"start":{"line":228,"column":43},"end":{"line":236,"column":13}},"line":228},"35":{"name":"(anonymous_35)","decl":{"start":{"line":229,"column":46},"end":{"line":229,"column":47}},"loc":{"start":{"line":229,"column":57},"end":{"line":233,"column":17}},"line":229},"36":{"name":"(anonymous_36)","decl":{"start":{"line":233,"column":19},"end":{"line":233,"column":20}},"loc":{"start":{"line":233,"column":35},"end":{"line":235,"column":17}},"line":233},"37":{"name":"(anonymous_37)","decl":{"start":{"line":236,"column":15},"end":{"line":236,"column":16}},"loc":{"start":{"line":236,"column":31},"end":{"line":238,"column":13}},"line":236},"38":{"name":"(anonymous_38)","decl":{"start":{"line":241,"column":72},"end":{"line":241,"column":73}},"loc":{"start":{"line":241,"column":87},"end":{"line":259,"column":9}},"line":241},"39":{"name":"(anonymous_39)","decl":{"start":{"line":248,"column":49},"end":{"line":248,"column":50}},"loc":{"start":{"line":248,"column":60},"end":{"line":256,"column":13}},"line":248},"40":{"name":"(anonymous_40)","decl":{"start":{"line":249,"column":32},"end":{"line":249,"column":33}},"loc":{"start":{"line":249,"column":49},"end":{"line":253,"column":17}},"line":249},"41":{"name":"(anonymous_41)","decl":{"start":{"line":253,"column":19},"end":{"line":253,"column":20}},"loc":{"start":{"line":253,"column":35},"end":{"line":255,"column":17}},"line":253},"42":{"name":"(anonymous_42)","decl":{"start":{"line":256,"column":15},"end":{"line":256,"column":16}},"loc":{"start":{"line":256,"column":31},"end":{"line":258,"column":13}},"line":256},"43":{"name":"(anonymous_43)","decl":{"start":{"line":262,"column":52},"end":{"line":262,"column":53}},"loc":{"start":{"line":262,"column":63},"end":{"line":302,"column":5}},"line":262},"44":{"name":"(anonymous_44)","decl":{"start":{"line":263,"column":64},"end":{"line":263,"column":65}},"loc":{"start":{"line":263,"column":75},"end":{"line":273,"column":9}},"line":263},"45":{"name":"(anonymous_45)","decl":{"start":{"line":275,"column":67},"end":{"line":275,"column":68}},"loc":{"start":{"line":275,"column":78},"end":{"line":286,"column":9}},"line":275},"46":{"name":"(anonymous_46)","decl":{"start":{"line":288,"column":83},"end":{"line":288,"column":84}},"loc":{"start":{"line":288,"column":98},"end":{"line":301,"column":9}},"line":288},"47":{"name":"(anonymous_47)","decl":{"start":{"line":292,"column":29},"end":{"line":292,"column":30}},"loc":{"start":{"line":292,"column":45},"end":{"line":295,"column":13}},"line":292},"48":{"name":"(anonymous_48)","decl":{"start":{"line":304,"column":38},"end":{"line":304,"column":39}},"loc":{"start":{"line":304,"column":49},"end":{"line":338,"column":5}},"line":304},"49":{"name":"(anonymous_49)","decl":{"start":{"line":305,"column":63},"end":{"line":305,"column":64}},"loc":{"start":{"line":305,"column":78},"end":{"line":319,"column":9}},"line":305},"50":{"name":"(anonymous_50)","decl":{"start":{"line":309,"column":32},"end":{"line":309,"column":33}},"loc":{"start":{"line":309,"column":46},"end":{"line":315,"column":13}},"line":309},"51":{"name":"(anonymous_51)","decl":{"start":{"line":321,"column":58},"end":{"line":321,"column":59}},"loc":{"start":{"line":321,"column":73},"end":{"line":337,"column":9}},"line":321},"52":{"name":"(anonymous_52)","decl":{"start":{"line":325,"column":37},"end":{"line":325,"column":38}},"loc":{"start":{"line":325,"column":48},"end":{"line":334,"column":13}},"line":325},"53":{"name":"(anonymous_53)","decl":{"start":{"line":326,"column":31},"end":{"line":326,"column":32}},"loc":{"start":{"line":326,"column":47},"end":{"line":333,"column":17}},"line":326},"54":{"name":"(anonymous_54)","decl":{"start":{"line":327,"column":50},"end":{"line":327,"column":51}},"loc":{"start":{"line":327,"column":61},"end":{"line":332,"column":21}},"line":327},"55":{"name":"(anonymous_55)","decl":{"start":{"line":340,"column":39},"end":{"line":340,"column":40}},"loc":{"start":{"line":340,"column":50},"end":{"line":383,"column":5}},"line":340},"56":{"name":"(anonymous_56)","decl":{"start":{"line":341,"column":64},"end":{"line":341,"column":65}},"loc":{"start":{"line":341,"column":79},"end":{"line":349,"column":9}},"line":341},"57":{"name":"(anonymous_57)","decl":{"start":{"line":345,"column":33},"end":{"line":345,"column":34}},"loc":{"start":{"line":345,"column":44},"end":{"line":348,"column":13}},"line":345},"58":{"name":"(anonymous_58)","decl":{"start":{"line":351,"column":53},"end":{"line":351,"column":54}},"loc":{"start":{"line":351,"column":68},"end":{"line":365,"column":9}},"line":351},"59":{"name":"(anonymous_59)","decl":{"start":{"line":355,"column":33},"end":{"line":355,"column":34}},"loc":{"start":{"line":355,"column":44},"end":{"line":364,"column":13}},"line":355},"60":{"name":"(anonymous_60)","decl":{"start":{"line":367,"column":56},"end":{"line":367,"column":57}},"loc":{"start":{"line":367,"column":71},"end":{"line":382,"column":9}},"line":367},"61":{"name":"(anonymous_61)","decl":{"start":{"line":371,"column":36},"end":{"line":371,"column":37}},"loc":{"start":{"line":371,"column":52},"end":{"line":376,"column":13}},"line":371},"62":{"name":"(anonymous_62)","decl":{"start":{"line":378,"column":33},"end":{"line":378,"column":34}},"loc":{"start":{"line":378,"column":44},"end":{"line":381,"column":13}},"line":378},"63":{"name":"(anonymous_63)","decl":{"start":{"line":385,"column":46},"end":{"line":385,"column":47}},"loc":{"start":{"line":385,"column":57},"end":{"line":426,"column":5}},"line":385},"64":{"name":"(anonymous_64)","decl":{"start":{"line":386,"column":47},"end":{"line":386,"column":48}},"loc":{"start":{"line":386,"column":58},"end":{"line":392,"column":9}},"line":386},"65":{"name":"(anonymous_65)","decl":{"start":{"line":394,"column":49},"end":{"line":394,"column":50}},"loc":{"start":{"line":394,"column":64},"end":{"line":406,"column":9}},"line":394},"66":{"name":"(anonymous_66)","decl":{"start":{"line":398,"column":34},"end":{"line":398,"column":35}},"loc":{"start":{"line":398,"column":45},"end":{"line":401,"column":13}},"line":398},"67":{"name":"(anonymous_67)","decl":{"start":{"line":403,"column":33},"end":{"line":403,"column":34}},"loc":{"start":{"line":403,"column":44},"end":{"line":405,"column":13}},"line":403},"68":{"name":"(anonymous_68)","decl":{"start":{"line":408,"column":69},"end":{"line":408,"column":70}},"loc":{"start":{"line":408,"column":84},"end":{"line":425,"column":9}},"line":408},"69":{"name":"(anonymous_69)","decl":{"start":{"line":412,"column":33},"end":{"line":412,"column":34}},"loc":{"start":{"line":412,"column":44},"end":{"line":424,"column":13}},"line":412},"70":{"name":"(anonymous_70)","decl":{"start":{"line":415,"column":27},"end":{"line":415,"column":28}},"loc":{"start":{"line":415,"column":33},"end":{"line":423,"column":17}},"line":415}},"branchMap":{"0":{"loc":{"start":{"line":85,"column":12},"end":{"line":87,"column":13}},"type":"if","locations":[{"start":{"line":85,"column":12},"end":{"line":87,"column":13}},{"start":{},"end":{}}],"line":85},"1":{"loc":{"start":{"line":168,"column":16},"end":{"line":170,"column":17}},"type":"if","locations":[{"start":{"line":168,"column":16},"end":{"line":170,"column":17}},{"start":{},"end":{}}],"line":168},"2":{"loc":{"start":{"line":195,"column":16},"end":{"line":197,"column":17}},"type":"if","locations":[{"start":{"line":195,"column":16},"end":{"line":197,"column":17}},{"start":{},"end":{}}],"line":195},"3":{"loc":{"start":{"line":298,"column":12},"end":{"line":300,"column":13}},"type":"if","locations":[{"start":{"line":298,"column":12},"end":{"line":300,"column":13}},{"start":{},"end":{}}],"line":298},"4":{"loc":{"start":{"line":310,"column":16},"end":{"line":314,"column":17}},"type":"if","locations":[{"start":{"line":310,"column":16},"end":{"line":314,"column":17}},{"start":{},"end":{}}],"line":310}},"s":{"0":1,"1":1,"2":1,"3":1,"4":26,"5":1,"6":26,"7":1,"8":1,"9":1,"10":1,"11":1,"12":1,"13":1,"14":1,"15":1,"16":1,"17":1,"18":1,"19":1,"20":1,"21":1,"22":1,"23":1,"24":1,"25":1,"26":1,"27":1,"28":1,"29":1,"30":1,"31":1,"32":1,"33":1,"34":1,"35":1,"36":1,"37":1,"38":1,"39":1,"40":1,"41":1,"42":1,"43":1,"44":1,"45":1,"46":1,"47":1,"48":1,"49":1,"50":1,"51":1,"52":1,"53":1,"54":1,"55":1,"56":2,"57":2,"58":2,"59":1,"60":1,"61":1,"62":1,"63":1,"64":1,"65":1,"66":1,"67":1,"68":1,"69":1,"70":1,"71":1,"72":1,"73":1,"74":1,"75":1,"76":2,"77":2,"78":1,"79":1,"80":3,"81":2,"82":1,"83":1,"84":1,"85":1,"86":1,"87":1,"88":4,"89":4,"90":1,"91":1,"92":5,"93":3,"94":4,"95":1,"96":1,"97":1,"98":1,"99":1,"100":1,"101":1,"102":1,"103":1,"104":0,"105":1,"106":1,"107":1,"108":1,"109":1,"110":1,"111":1,"112":0,"113":0,"114":1,"115":1,"116":1,"117":1,"118":1,"119":1,"120":1,"121":1,"122":0,"123":0,"124":1,"125":1,"126":1,"127":1,"128":1,"129":1,"130":1,"131":1,"132":1,"133":1,"134":1,"135":1,"136":1,"137":1,"138":1,"139":1,"140":1,"141":1,"142":1,"143":1,"144":1,"145":1,"146":1,"147":1,"148":1,"149":1,"150":1,"151":1,"152":1,"153":1,"154":1,"155":1,"156":1,"157":1,"158":1,"159":1,"160":1,"161":1,"162":1,"163":1,"164":1,"165":1,"166":1,"167":1,"168":1,"169":1,"170":1,"171":1,"172":1,"173":1,"174":1,"175":1,"176":1,"177":1,"178":1,"179":1,"180":1,"181":1,"182":0,"183":1,"184":1,"185":1,"186":1,"187":1,"188":1,"189":1,"190":1,"191":1,"192":1,"193":1,"194":1,"195":1,"196":1,"197":1,"198":1,"199":1,"200":1,"201":1,"202":1,"203":1,"204":1,"205":1,"206":1,"207":1,"208":1,"209":1,"210":1,"211":1,"212":1,"213":1,"214":1,"215":1,"216":0,"217":1,"218":1},"f":{"0":1,"1":26,"2":26,"3":1,"4":1,"5":1,"6":1,"7":1,"8":1,"9":1,"10":1,"11":0,"12":1,"13":1,"14":1,"15":1,"16":1,"17":1,"18":1,"19":1,"20":1,"21":2,"22":3,"23":2,"24":1,"25":4,"26":5,"27":3,"28":4,"29":1,"30":1,"31":1,"32":0,"33":1,"34":1,"35":1,"36":0,"37":0,"38":1,"39":1,"40":1,"41":0,"42":0,"43":1,"44":1,"45":1,"46":1,"47":1,"48":1,"49":1,"50":1,"51":1,"52":1,"53":1,"54":1,"55":1,"56":1,"57":1,"58":1,"59":1,"60":1,"61":1,"62":1,"63":1,"64":1,"65":1,"66":1,"67":1,"68":1,"69":1,"70":1},"b":{"0":[1,0],"1":[1,1],"2":[1,3],"3":[1,0],"4":[1,0]},"_coverageSchema":"1a1c01bbd47fc00a2c39e90264f33305004495a9","hash":"63461513a18e4261911a363fad167d983f69207e","contentHash":"10925fd5b390266af45102d6fd6858185e73f9b53ca6b529ccf2888ca6dc56cc"},"/Users/danielororke/GitHub/HiveClass/hiveclass-master/student/webrtc/test/signaling.spec.js":{"path":"/Users/danielororke/GitHub/HiveClass/hiveclass-master/student/webrtc/test/signaling.spec.js","statementMap":{"0":{"start":{"line":8,"column":17},"end":{"line":8,"column":32}},"1":{"start":{"line":9,"column":14},"end":{"line":9,"column":30}},"2":{"start":{"line":14,"column":4},"end":{"line":14,"column":46}},"3":{"start":{"line":16,"column":0},"end":{"line":570,"column":3}},"4":{"start":{"line":19,"column":4},"end":{"line":22,"column":7}},"5":{"start":{"line":20,"column":8},"end":{"line":20,"column":27}},"6":{"start":{"line":21,"column":8},"end":{"line":21,"column":38}},"7":{"start":{"line":24,"column":4},"end":{"line":27,"column":7}},"8":{"start":{"line":25,"column":8},"end":{"line":25,"column":29}},"9":{"start":{"line":26,"column":8},"end":{"line":26,"column":24}},"10":{"start":{"line":29,"column":4},"end":{"line":65,"column":7}},"11":{"start":{"line":30,"column":8},"end":{"line":53,"column":11}},"12":{"start":{"line":31,"column":27},"end":{"line":37,"column":13}},"13":{"start":{"line":40,"column":28},"end":{"line":47,"column":13}},"14":{"start":{"line":49,"column":12},"end":{"line":49,"column":52}},"15":{"start":{"line":50,"column":12},"end":{"line":50,"column":72}},"16":{"start":{"line":51,"column":12},"end":{"line":51,"column":61}},"17":{"start":{"line":52,"column":12},"end":{"line":52,"column":48}},"18":{"start":{"line":55,"column":8},"end":{"line":64,"column":11}},"19":{"start":{"line":56,"column":23},"end":{"line":56,"column":66}},"20":{"start":{"line":58,"column":12},"end":{"line":58,"column":62}},"21":{"start":{"line":59,"column":12},"end":{"line":59,"column":69}},"22":{"start":{"line":62,"column":12},"end":{"line":62,"column":27}},"23":{"start":{"line":63,"column":12},"end":{"line":63,"column":63}},"24":{"start":{"line":67,"column":4},"end":{"line":111,"column":7}},"25":{"start":{"line":68,"column":8},"end":{"line":83,"column":11}},"26":{"start":{"line":69,"column":23},"end":{"line":69,"column":66}},"27":{"start":{"line":70,"column":36},"end":{"line":74,"column":14}},"28":{"start":{"line":76,"column":12},"end":{"line":80,"column":14}},"29":{"start":{"line":78,"column":16},"end":{"line":78,"column":41}},"30":{"start":{"line":79,"column":16},"end":{"line":79,"column":23}},"31":{"start":{"line":82,"column":12},"end":{"line":82,"column":27}},"32":{"start":{"line":85,"column":8},"end":{"line":97,"column":11}},"33":{"start":{"line":86,"column":23},"end":{"line":86,"column":66}},"34":{"start":{"line":87,"column":25},"end":{"line":87,"column":30}},"35":{"start":{"line":89,"column":12},"end":{"line":94,"column":14}},"36":{"start":{"line":90,"column":16},"end":{"line":90,"column":30}},"37":{"start":{"line":91,"column":16},"end":{"line":91,"column":42}},"38":{"start":{"line":92,"column":16},"end":{"line":92,"column":67}},"39":{"start":{"line":93,"column":16},"end":{"line":93,"column":23}},"40":{"start":{"line":96,"column":12},"end":{"line":96,"column":27}},"41":{"start":{"line":99,"column":8},"end":{"line":110,"column":11}},"42":{"start":{"line":100,"column":23},"end":{"line":100,"column":66}},"43":{"start":{"line":101,"column":34},"end":{"line":101,"column":46}},"44":{"start":{"line":103,"column":12},"end":{"line":107,"column":14}},"45":{"start":{"line":104,"column":16},"end":{"line":104,"column":32}},"46":{"start":{"line":105,"column":16},"end":{"line":105,"column":60}},"47":{"start":{"line":106,"column":16},"end":{"line":106,"column":23}},"48":{"start":{"line":109,"column":12},"end":{"line":109,"column":27}},"49":{"start":{"line":113,"column":4},"end":{"line":180,"column":7}},"50":{"start":{"line":114,"column":8},"end":{"line":144,"column":11}},"51":{"start":{"line":115,"column":23},"end":{"line":115,"column":66}},"52":{"start":{"line":116,"column":33},"end":{"line":116,"column":35}},"53":{"start":{"line":119,"column":33},"end":{"line":119,"column":49}},"54":{"start":{"line":120,"column":12},"end":{"line":123,"column":14}},"55":{"start":{"line":121,"column":16},"end":{"line":121,"column":39}},"56":{"start":{"line":122,"column":16},"end":{"line":122,"column":34}},"57":{"start":{"line":125,"column":12},"end":{"line":128,"column":14}},"58":{"start":{"line":127,"column":16},"end":{"line":127,"column":92}},"59":{"start":{"line":130,"column":12},"end":{"line":130,"column":27}},"60":{"start":{"line":133,"column":12},"end":{"line":133,"column":30}},"61":{"start":{"line":134,"column":32},"end":{"line":134,"column":62}},"62":{"start":{"line":135,"column":12},"end":{"line":135,"column":33}},"63":{"start":{"line":138,"column":12},"end":{"line":138,"column":30}},"64":{"start":{"line":139,"column":12},"end":{"line":139,"column":33}},"65":{"start":{"line":142,"column":12},"end":{"line":142,"column":58}},"66":{"start":{"line":143,"column":12},"end":{"line":143,"column":84}},"67":{"start":{"line":143,"column":44},"end":{"line":143,"column":62}},"68":{"start":{"line":146,"column":8},"end":{"line":163,"column":11}},"69":{"start":{"line":147,"column":23},"end":{"line":147,"column":66}},"70":{"start":{"line":148,"column":37},"end":{"line":148,"column":42}},"71":{"start":{"line":150,"column":12},"end":{"line":153,"column":14}},"72":{"start":{"line":152,"column":16},"end":{"line":152,"column":54}},"73":{"start":{"line":155,"column":12},"end":{"line":155,"column":27}},"74":{"start":{"line":158,"column":12},"end":{"line":160,"column":13}},"75":{"start":{"line":159,"column":16},"end":{"line":159,"column":42}},"76":{"start":{"line":162,"column":12},"end":{"line":162,"column":50}},"77":{"start":{"line":165,"column":8},"end":{"line":179,"column":11}},"78":{"start":{"line":166,"column":23},"end":{"line":166,"column":66}},"79":{"start":{"line":167,"column":30},"end":{"line":167,"column":32}},"80":{"start":{"line":169,"column":12},"end":{"line":174,"column":14}},"81":{"start":{"line":171,"column":16},"end":{"line":173,"column":17}},"82":{"start":{"line":172,"column":20},"end":{"line":172,"column":43}},"83":{"start":{"line":176,"column":12},"end":{"line":176,"column":27}},"84":{"start":{"line":178,"column":12},"end":{"line":178,"column":49}},"85":{"start":{"line":182,"column":4},"end":{"line":225,"column":7}},"86":{"start":{"line":183,"column":8},"end":{"line":201,"column":11}},"87":{"start":{"line":184,"column":23},"end":{"line":184,"column":66}},"88":{"start":{"line":185,"column":32},"end":{"line":189,"column":14}},"89":{"start":{"line":191,"column":12},"end":{"line":194,"column":14}},"90":{"start":{"line":192,"column":16},"end":{"line":192,"column":57}},"91":{"start":{"line":193,"column":16},"end":{"line":193,"column":23}},"92":{"start":{"line":196,"column":12},"end":{"line":198,"column":14}},"93":{"start":{"line":197,"column":16},"end":{"line":197,"column":49}},"94":{"start":{"line":200,"column":12},"end":{"line":200,"column":27}},"95":{"start":{"line":203,"column":8},"end":{"line":224,"column":11}},"96":{"start":{"line":204,"column":27},"end":{"line":204,"column":42}},"97":{"start":{"line":205,"column":25},"end":{"line":205,"column":33}},"98":{"start":{"line":206,"column":29},"end":{"line":206,"column":39}},"99":{"start":{"line":207,"column":25},"end":{"line":207,"column":33}},"100":{"start":{"line":208,"column":28},"end":{"line":208,"column":50}},"101":{"start":{"line":210,"column":28},"end":{"line":216,"column":14}},"102":{"start":{"line":218,"column":27},"end":{"line":218,"column":46}},"103":{"start":{"line":219,"column":12},"end":{"line":219,"column":60}},"104":{"start":{"line":220,"column":12},"end":{"line":220,"column":50}},"105":{"start":{"line":221,"column":12},"end":{"line":221,"column":51}},"106":{"start":{"line":222,"column":12},"end":{"line":222,"column":57}},"107":{"start":{"line":223,"column":12},"end":{"line":223,"column":70}},"108":{"start":{"line":227,"column":4},"end":{"line":281,"column":7}},"109":{"start":{"line":228,"column":8},"end":{"line":251,"column":11}},"110":{"start":{"line":229,"column":23},"end":{"line":229,"column":66}},"111":{"start":{"line":230,"column":32},"end":{"line":230,"column":71}},"112":{"start":{"line":231,"column":30},"end":{"line":231,"column":35}},"113":{"start":{"line":233,"column":12},"end":{"line":248,"column":14}},"114":{"start":{"line":234,"column":16},"end":{"line":244,"column":17}},"115":{"start":{"line":235,"column":36},"end":{"line":241,"column":22}},"116":{"start":{"line":242,"column":20},"end":{"line":242,"column":37}},"117":{"start":{"line":243,"column":20},"end":{"line":243,"column":39}},"118":{"start":{"line":246,"column":16},"end":{"line":246,"column":47}},"119":{"start":{"line":247,"column":16},"end":{"line":247,"column":23}},"120":{"start":{"line":250,"column":12},"end":{"line":250,"column":27}},"121":{"start":{"line":253,"column":8},"end":{"line":267,"column":11}},"122":{"start":{"line":254,"column":23},"end":{"line":254,"column":66}},"123":{"start":{"line":255,"column":33},"end":{"line":255,"column":38}},"124":{"start":{"line":258,"column":12},"end":{"line":263,"column":13}},"125":{"start":{"line":260,"column":16},"end":{"line":262,"column":25}},"126":{"start":{"line":261,"column":20},"end":{"line":261,"column":42}},"127":{"start":{"line":265,"column":12},"end":{"line":265,"column":29}},"128":{"start":{"line":266,"column":12},"end":{"line":266,"column":46}},"129":{"start":{"line":269,"column":8},"end":{"line":280,"column":11}},"130":{"start":{"line":270,"column":23},"end":{"line":270,"column":66}},"131":{"start":{"line":271,"column":31},"end":{"line":271,"column":36}},"132":{"start":{"line":273,"column":12},"end":{"line":273,"column":50}},"133":{"start":{"line":275,"column":12},"end":{"line":277,"column":13}},"134":{"start":{"line":276,"column":16},"end":{"line":276,"column":36}},"135":{"start":{"line":279,"column":12},"end":{"line":279,"column":44}},"136":{"start":{"line":283,"column":4},"end":{"line":354,"column":7}},"137":{"start":{"line":284,"column":8},"end":{"line":307,"column":11}},"138":{"start":{"line":285,"column":23},"end":{"line":285,"column":66}},"139":{"start":{"line":286,"column":37},"end":{"line":286,"column":42}},"140":{"start":{"line":288,"column":12},"end":{"line":295,"column":14}},"141":{"start":{"line":290,"column":16},"end":{"line":294,"column":17}},"142":{"start":{"line":291,"column":20},"end":{"line":293,"column":30}},"143":{"start":{"line":292,"column":24},"end":{"line":292,"column":50}},"144":{"start":{"line":297,"column":12},"end":{"line":300,"column":14}},"145":{"start":{"line":299,"column":16},"end":{"line":299,"column":72}},"146":{"start":{"line":302,"column":12},"end":{"line":302,"column":27}},"147":{"start":{"line":303,"column":12},"end":{"line":303,"column":27}},"148":{"start":{"line":304,"column":12},"end":{"line":304,"column":30}},"149":{"start":{"line":306,"column":12},"end":{"line":306,"column":50}},"150":{"start":{"line":309,"column":8},"end":{"line":335,"column":11}},"151":{"start":{"line":310,"column":23},"end":{"line":310,"column":66}},"152":{"start":{"line":311,"column":37},"end":{"line":311,"column":42}},"153":{"start":{"line":313,"column":12},"end":{"line":323,"column":14}},"154":{"start":{"line":314,"column":31},"end":{"line":314,"column":75}},"155":{"start":{"line":315,"column":16},"end":{"line":322,"column":17}},"156":{"start":{"line":317,"column":20},"end":{"line":317,"column":47}},"157":{"start":{"line":319,"column":20},"end":{"line":321,"column":30}},"158":{"start":{"line":320,"column":24},"end":{"line":320,"column":50}},"159":{"start":{"line":325,"column":12},"end":{"line":328,"column":14}},"160":{"start":{"line":327,"column":16},"end":{"line":327,"column":71}},"161":{"start":{"line":330,"column":12},"end":{"line":330,"column":27}},"162":{"start":{"line":331,"column":12},"end":{"line":331,"column":27}},"163":{"start":{"line":332,"column":12},"end":{"line":332,"column":30}},"164":{"start":{"line":334,"column":12},"end":{"line":334,"column":51}},"165":{"start":{"line":337,"column":8},"end":{"line":353,"column":11}},"166":{"start":{"line":338,"column":23},"end":{"line":338,"column":66}},"167":{"start":{"line":339,"column":25},"end":{"line":339,"column":29}},"168":{"start":{"line":341,"column":12},"end":{"line":345,"column":14}},"169":{"start":{"line":342,"column":16},"end":{"line":342,"column":31}},"170":{"start":{"line":343,"column":16},"end":{"line":343,"column":43}},"171":{"start":{"line":344,"column":16},"end":{"line":344,"column":23}},"172":{"start":{"line":347,"column":12},"end":{"line":349,"column":14}},"173":{"start":{"line":348,"column":16},"end":{"line":348,"column":27}},"174":{"start":{"line":351,"column":12},"end":{"line":351,"column":27}},"175":{"start":{"line":352,"column":12},"end":{"line":352,"column":27}},"176":{"start":{"line":356,"column":4},"end":{"line":422,"column":7}},"177":{"start":{"line":357,"column":8},"end":{"line":383,"column":11}},"178":{"start":{"line":358,"column":23},"end":{"line":358,"column":66}},"179":{"start":{"line":359,"column":33},"end":{"line":359,"column":35}},"180":{"start":{"line":361,"column":33},"end":{"line":361,"column":49}},"181":{"start":{"line":362,"column":12},"end":{"line":365,"column":14}},"182":{"start":{"line":363,"column":16},"end":{"line":363,"column":39}},"183":{"start":{"line":364,"column":16},"end":{"line":364,"column":34}},"184":{"start":{"line":367,"column":12},"end":{"line":380,"column":14}},"185":{"start":{"line":369,"column":38},"end":{"line":373,"column":18}},"186":{"start":{"line":374,"column":16},"end":{"line":374,"column":39}},"187":{"start":{"line":375,"column":16},"end":{"line":375,"column":27}},"188":{"start":{"line":377,"column":38},"end":{"line":377,"column":86}},"189":{"start":{"line":377,"column":61},"end":{"line":377,"column":85}},"190":{"start":{"line":378,"column":16},"end":{"line":378,"column":49}},"191":{"start":{"line":379,"column":16},"end":{"line":379,"column":23}},"192":{"start":{"line":382,"column":12},"end":{"line":382,"column":27}},"193":{"start":{"line":385,"column":8},"end":{"line":395,"column":11}},"194":{"start":{"line":386,"column":31},"end":{"line":388,"column":21}},"195":{"start":{"line":391,"column":12},"end":{"line":391,"column":40}},"196":{"start":{"line":392,"column":12},"end":{"line":392,"column":32}},"197":{"start":{"line":394,"column":12},"end":{"line":394,"column":44}},"198":{"start":{"line":397,"column":8},"end":{"line":408,"column":11}},"199":{"start":{"line":398,"column":23},"end":{"line":398,"column":66}},"200":{"start":{"line":400,"column":12},"end":{"line":405,"column":14}},"201":{"start":{"line":402,"column":16},"end":{"line":402,"column":34}},"202":{"start":{"line":403,"column":16},"end":{"line":403,"column":46}},"203":{"start":{"line":404,"column":16},"end":{"line":404,"column":23}},"204":{"start":{"line":407,"column":12},"end":{"line":407,"column":27}},"205":{"start":{"line":410,"column":8},"end":{"line":421,"column":11}},"206":{"start":{"line":411,"column":25},"end":{"line":411,"column":29}},"207":{"start":{"line":412,"column":30},"end":{"line":412,"column":35}},"208":{"start":{"line":414,"column":12},"end":{"line":417,"column":13}},"209":{"start":{"line":415,"column":16},"end":{"line":415,"column":35}},"210":{"start":{"line":416,"column":16},"end":{"line":416,"column":31}},"211":{"start":{"line":419,"column":12},"end":{"line":419,"column":43}},"212":{"start":{"line":420,"column":12},"end":{"line":420,"column":39}},"213":{"start":{"line":424,"column":4},"end":{"line":448,"column":7}},"214":{"start":{"line":425,"column":8},"end":{"line":435,"column":11}},"215":{"start":{"line":426,"column":27},"end":{"line":432,"column":13}},"216":{"start":{"line":434,"column":12},"end":{"line":434,"column":51}},"217":{"start":{"line":437,"column":8},"end":{"line":447,"column":11}},"218":{"start":{"line":438,"column":27},"end":{"line":444,"column":13}},"219":{"start":{"line":446,"column":12},"end":{"line":446,"column":51}},"220":{"start":{"line":450,"column":4},"end":{"line":511,"column":7}},"221":{"start":{"line":451,"column":8},"end":{"line":470,"column":11}},"222":{"start":{"line":452,"column":23},"end":{"line":452,"column":66}},"223":{"start":{"line":453,"column":26},"end":{"line":453,"column":30}},"224":{"start":{"line":455,"column":12},"end":{"line":467,"column":14}},"225":{"start":{"line":457,"column":16},"end":{"line":464,"column":17}},"226":{"start":{"line":458,"column":37},"end":{"line":458,"column":41}},"227":{"start":{"line":459,"column":20},"end":{"line":461,"column":21}},"228":{"start":{"line":460,"column":24},"end":{"line":460,"column":35}},"229":{"start":{"line":463,"column":20},"end":{"line":463,"column":36}},"230":{"start":{"line":466,"column":16},"end":{"line":466,"column":43}},"231":{"start":{"line":469,"column":12},"end":{"line":469,"column":27}},"232":{"start":{"line":472,"column":8},"end":{"line":485,"column":11}},"233":{"start":{"line":473,"column":23},"end":{"line":473,"column":66}},"234":{"start":{"line":474,"column":34},"end":{"line":474,"column":38}},"235":{"start":{"line":476,"column":12},"end":{"line":482,"column":14}},"236":{"start":{"line":477,"column":16},"end":{"line":479,"column":17}},"237":{"start":{"line":478,"column":20},"end":{"line":478,"column":36}},"238":{"start":{"line":481,"column":16},"end":{"line":481,"column":23}},"239":{"start":{"line":484,"column":12},"end":{"line":484,"column":27}},"240":{"start":{"line":487,"column":8},"end":{"line":510,"column":11}},"241":{"start":{"line":488,"column":23},"end":{"line":488,"column":66}},"242":{"start":{"line":489,"column":30},"end":{"line":489,"column":35}},"243":{"start":{"line":491,"column":12},"end":{"line":500,"column":14}},"244":{"start":{"line":492,"column":16},"end":{"line":499,"column":17}},"245":{"start":{"line":494,"column":20},"end":{"line":496,"column":21}},"246":{"start":{"line":495,"column":24},"end":{"line":495,"column":49}},"247":{"start":{"line":498,"column":20},"end":{"line":498,"column":39}},"248":{"start":{"line":502,"column":12},"end":{"line":504,"column":14}},"249":{"start":{"line":503,"column":16},"end":{"line":503,"column":50}},"250":{"start":{"line":506,"column":12},"end":{"line":506,"column":27}},"251":{"start":{"line":507,"column":12},"end":{"line":507,"column":27}},"252":{"start":{"line":509,"column":12},"end":{"line":509,"column":43}},"253":{"start":{"line":513,"column":4},"end":{"line":569,"column":7}},"254":{"start":{"line":514,"column":8},"end":{"line":546,"column":11}},"255":{"start":{"line":515,"column":23},"end":{"line":515,"column":66}},"256":{"start":{"line":516,"column":30},"end":{"line":522,"column":13}},"257":{"start":{"line":524,"column":12},"end":{"line":524,"column":78}},"258":{"start":{"line":526,"column":12},"end":{"line":531,"column":14}},"259":{"start":{"line":527,"column":16},"end":{"line":527,"column":38}},"260":{"start":{"line":529,"column":16},"end":{"line":529,"column":92}},"261":{"start":{"line":530,"column":16},"end":{"line":530,"column":44}},"262":{"start":{"line":533,"column":12},"end":{"line":535,"column":14}},"263":{"start":{"line":534,"column":16},"end":{"line":534,"column":40}},"264":{"start":{"line":537,"column":12},"end":{"line":537,"column":27}},"265":{"start":{"line":538,"column":12},"end":{"line":538,"column":23}},"266":{"start":{"line":539,"column":12},"end":{"line":539,"column":27}},"267":{"start":{"line":541,"column":12},"end":{"line":541,"column":49}},"268":{"start":{"line":542,"column":12},"end":{"line":542,"column":52}},"269":{"start":{"line":543,"column":12},"end":{"line":543,"column":46}},"270":{"start":{"line":544,"column":12},"end":{"line":544,"column":52}},"271":{"start":{"line":545,"column":12},"end":{"line":545,"column":48}},"272":{"start":{"line":548,"column":8},"end":{"line":568,"column":11}},"273":{"start":{"line":549,"column":23},"end":{"line":549,"column":66}},"274":{"start":{"line":550,"column":28},"end":{
[...]
"column":16},"end":{"line":259,"column":17}},"134":{"start":{"line":258,"column":20},"end":{"line":258,"column":59}},"135":{"start":{"line":262,"column":12},"end":{"line":262,"column":69}},"136":{"start":{"line":266,"column":4},"end":{"line":315,"column":7}},"137":{"start":{"line":267,"column":8},"end":{"line":289,"column":11}},"138":{"start":{"line":268,"column":36},"end":{"line":268,"column":38}},"139":{"start":{"line":269,"column":33},"end":{"line":269,"column":35}},"140":{"start":{"line":272,"column":12},"end":{"line":276,"column":13}},"141":{"start":{"line":272,"column":25},"end":{"line":272,"column":26}},"142":{"start":{"line":273,"column":31},"end":{"line":273,"column":45}},"143":{"start":{"line":274,"column":16},"end":{"line":274,"column":88}},"144":{"start":{"line":275,"column":16},"end":{"line":275,"column":110}},"145":{"start":{"line":279,"column":35},"end":{"line":279,"column":46}},"146":{"start":{"line":280,"column":12},"end":{"line":280,"column":49}},"147":{"start":{"line":281,"column":12},"end":{"line":281,"column":52}},"148":{"start":{"line":282,"column":12},"end":{"line":282,"column":48}},"149":{"start":{"line":283,"column":12},"end":{"line":283,"column":51}},"150":{"start":{"line":285,"column":12},"end":{"line":285,"column":69}},"151":{"start":{"line":286,"column":12},"end":{"line":286,"column":58}},"152":{"start":{"line":287,"column":12},"end":{"line":287,"column":62}},"153":{"start":{"line":288,"column":12},"end":{"line":288,"column":58}},"154":{"start":{"line":291,"column":8},"end":{"line":314,"column":11}},"155":{"start":{"line":292,"column":36},"end":{"line":292,"column":38}},"156":{"start":{"line":293,"column":33},"end":{"line":293,"column":35}},"157":{"start":{"line":296,"column":12},"end":{"line":300,"column":13}},"158":{"start":{"line":296,"column":25},"end":{"line":296,"column":26}},"159":{"start":{"line":297,"column":31},"end":{"line":297,"column":45}},"160":{"start":{"line":298,"column":16},"end":{"line":298,"column":88}},"161":{"start":{"line":299,"column":16},"end":{"line":299,"column":110}},"162":{"start":{"line":303,"column":28},"end":{"line":303,"column":53}},"163":{"start":{"line":304,"column":12},"end":{"line":310,"column":13}},"164":{"start":{"line":304,"column":25},"end":{"line":304,"column":26}},"165":{"start":{"line":305,"column":31},"end":{"line":305,"column":41}},"166":{"start":{"line":306,"column":16},"end":{"line":306,"column":45}},"167":{"start":{"line":307,"column":16},"end":{"line":307,"column":48}},"168":{"start":{"line":308,"column":16},"end":{"line":308,"column":44}},"169":{"start":{"line":309,"column":16},"end":{"line":309,"column":47}},"170":{"start":{"line":312,"column":12},"end":{"line":312,"column":69}},"171":{"start":{"line":313,"column":12},"end":{"line":313,"column":66}},"172":{"start":{"line":317,"column":4},"end":{"line":351,"column":7}},"173":{"start":{"line":318,"column":8},"end":{"line":350,"column":11}},"174":{"start":{"line":319,"column":32},"end":{"line":319,"column":33}},"175":{"start":{"line":320,"column":29},"end":{"line":320,"column":30}},"176":{"start":{"line":323,"column":16},"end":{"line":323,"column":49}},"177":{"start":{"line":325,"column":16},"end":{"line":337,"column":17}},"178":{"start":{"line":326,"column":20},"end":{"line":334,"column":21}},"179":{"start":{"line":327,"column":24},"end":{"line":327,"column":65}},"180":{"start":{"line":328,"column":24},"end":{"line":328,"column":31}},"181":{"start":{"line":330,"column":24},"end":{"line":330,"column":37}},"182":{"start":{"line":331,"column":24},"end":{"line":333,"column":31}},"183":{"start":{"line":332,"column":28},"end":{"line":332,"column":82}},"184":{"start":{"line":336,"column":20},"end":{"line":336,"column":46}},"185":{"start":{"line":340,"column":23},"end":{"line":340,"column":68}},"186":{"start":{"line":341,"column":32},"end":{"line":341,"column":81}},"187":{"start":{"line":343,"column":12},"end":{"line":349,"column":14}},"188":{"start":{"line":344,"column":16},"end":{"line":344,"column":36}},"189":{"start":{"line":346,"column":16},"end":{"line":348,"column":23}},"190":{"start":{"line":347,"column":20},"end":{"line":347,"column":81}},"191":{"start":{"line":353,"column":4},"end":{"line":389,"column":7}},"192":{"start":{"line":354,"column":8},"end":{"line":370,"column":11}},"193":{"start":{"line":355,"column":34},"end":{"line":355,"column":39}},"194":{"start":{"line":356,"column":34},"end":{"line":363,"column":13}},"195":{"start":{"line":358,"column":20},"end":{"line":361,"column":21}},"196":{"start":{"line":359,"column":24},"end":{"line":359,"column":47}},"197":{"start":{"line":360,"column":24},"end":{"line":360,"column":63}},"198":{"start":{"line":365,"column":27},"end":{"line":365,"column":42}},"199":{"start":{"line":366,"column":28},"end":{"line":366,"column":61}},"200":{"start":{"line":367,"column":12},"end":{"line":367,"column":56}},"201":{"start":{"line":369,"column":12},"end":{"line":369,"column":47}},"202":{"start":{"line":372,"column":8},"end":{"line":388,"column":11}},"203":{"start":{"line":373,"column":36},"end":{"line":373,"column":41}},"204":{"start":{"line":374,"column":34},"end":{"line":381,"column":13}},"205":{"start":{"line":376,"column":20},"end":{"line":379,"column":21}},"206":{"start":{"line":377,"column":24},"end":{"line":377,"column":49}},"207":{"start":{"line":378,"column":24},"end":{"line":378,"column":63}},"208":{"start":{"line":383,"column":27},"end":{"line":383,"column":42}},"209":{"start":{"line":384,"column":28},"end":{"line":384,"column":61}},"210":{"start":{"line":385,"column":12},"end":{"line":385,"column":58}},"211":{"start":{"line":387,"column":12},"end":{"line":387,"column":49}},"212":{"start":{"line":391,"column":4},"end":{"line":400,"column":7}},"213":{"start":{"line":392,"column":8},"end":{"line":394,"column":11}},"214":{"start":{"line":393,"column":12},"end":{"line":393,"column":83}},"215":{"start":{"line":396,"column":8},"end":{"line":399,"column":11}},"216":{"start":{"line":397,"column":23},"end":{"line":397,"column":68}},"217":{"start":{"line":398,"column":12},"end":{"line":398,"column":80}}},"fnMap":{"0":{"name":"(anonymous_0)","decl":{"start":{"line":18,"column":51},"end":{"line":18,"column":52}},"loc":{"start":{"line":18,"column":62},"end":{"line":401,"column":1}},"line":18},"1":{"name":"(anonymous_1)","decl":{"start":{"line":19,"column":15},"end":{"line":19,"column":16}},"loc":{"start":{"line":19,"column":26},"end":{"line":21,"column":5}},"line":19},"2":{"name":"(anonymous_2)","decl":{"start":{"line":23,"column":14},"end":{"line":23,"column":15}},"loc":{"start":{"line":23,"column":25},"end":{"line":25,"column":5}},"line":23},"3":{"name":"(anonymous_3)","decl":{"start":{"line":27,"column":28},"end":{"line":27,"column":29}},"loc":{"start":{"line":27,"column":39},"end":{"line":39,"column":5}},"line":27},"4":{"name":"(anonymous_4)","decl":{"start":{"line":28,"column":58},"end":{"line":28,"column":59}},"loc":{"start":{"line":28,"column":69},"end":{"line":30,"column":9}},"line":28},"5":{"name":"(anonymous_5)","decl":{"start":{"line":32,"column":58},"end":{"line":32,"column":59}},"loc":{"start":{"line":32,"column":69},"end":{"line":34,"column":9}},"line":32},"6":{"name":"(anonymous_6)","decl":{"start":{"line":36,"column":55},"end":{"line":36,"column":56}},"loc":{"start":{"line":36,"column":66},"end":{"line":38,"column":9}},"line":36},"7":{"name":"(anonymous_7)","decl":{"start":{"line":41,"column":52},"end":{"line":41,"column":53}},"loc":{"start":{"line":41,"column":63},"end":{"line":93,"column":5}},"line":41},"8":{"name":"(anonymous_8)","decl":{"start":{"line":42,"column":72},"end":{"line":42,"column":73}},"loc":{"start":{"line":42,"column":83},"end":{"line":61,"column":9}},"line":42},"9":{"name":"(anonymous_9)","decl":{"start":{"line":45,"column":39},"end":{"line":45,"column":40}},"loc":{"start":{"line":45,"column":56},"end":{"line":50,"column":17}},"line":45},"10":{"name":"(anonymous_10)","decl":{"start":{"line":63,"column":50},"end":{"line":63,"column":51}},"loc":{"start":{"line":63,"column":61},"end":{"line":74,"column":9}},"line":63},"11":{"name":"(anonymous_11)","decl":{"start":{"line":76,"column":81},"end":{"line":76,"column":82}},"loc":{"start":{"line":76,"column":96},"end":{"line":92,"column":9}},"line":76},"12":{"name":"(anonymous_12)","decl":{"start":{"line":80,"column":31},"end":{"line":80,"column":32}},"loc":{"start":{"line":80,"column":47},"end":{"line":85,"column":13}},"line":80},"13":{"name":"(anonymous_13)","decl":{"start":{"line":95,"column":37},"end":{"line":95,"column":38}},"loc":{"start":{"line":95,"column":48},"end":{"line":150,"column":5}},"line":95},"14":{"name":"(anonymous_14)","decl":{"start":{"line":96,"column":62},"end":{"line":96,"column":63}},"loc":{"start":{"line":96,"column":77},"end":{"line":128,"column":9}},"line":96},"15":{"name":"(anonymous_15)","decl":{"start":{"line":108,"column":26},"end":{"line":108,"column":27}},"loc":{"start":{"line":108,"column":41},"end":{"line":114,"column":17}},"line":108},"16":{"name":"(anonymous_16)","decl":{"start":{"line":120,"column":23},"end":{"line":120,"column":24}},"loc":{"start":{"line":120,"column":29},"end":{"line":127,"column":13}},"line":120},"17":{"name":"(anonymous_17)","decl":{"start":{"line":130,"column":59},"end":{"line":130,"column":60}},"loc":{"start":{"line":130,"column":74},"end":{"line":149,"column":9}},"line":130},"18":{"name":"(anonymous_18)","decl":{"start":{"line":140,"column":23},"end":{"line":140,"column":24}},"loc":{"start":{"line":140,"column":29},"end":{"line":148,"column":13}},"line":140},"19":{"name":"(anonymous_19)","decl":{"start":{"line":152,"column":48},"end":{"line":152,"column":49}},"loc":{"start":{"line":152,"column":59},"end":{"line":200,"column":5}},"line":152},"20":{"name":"(anonymous_20)","decl":{"start":{"line":153,"column":58},"end":{"line":153,"column":59}},"loc":{"start":{"line":153,"column":73},"end":{"line":170,"column":9}},"line":153},"21":{"name":"(anonymous_21)","decl":{"start":{"line":161,"column":49},"end":{"line":161,"column":50}},"loc":{"start":{"line":161,"column":60},"end":{"line":169,"column":13}},"line":161},"22":{"name":"(anonymous_22)","decl":{"start":{"line":162,"column":32},"end":{"line":162,"column":33}},"loc":{"start":{"line":162,"column":49},"end":{"line":168,"column":17}},"line":162},"23":{"name":"(anonymous_23)","decl":{"start":{"line":163,"column":51},"end":{"line":163,"column":52}},"loc":{"start":{"line":163,"column":62},"end":{"line":167,"column":21}},"line":163},"24":{"name":"(anonymous_24)","decl":{"start":{"line":172,"column":76},"end":{"line":172,"column":77}},"loc":{"start":{"line":172,"column":87},"end":{"line":199,"column":9}},"line":172},"25":{"name":"(anonymous_25)","decl":{"start":{"line":181,"column":33},"end":{"line":181,"column":34}},"loc":{"start":{"line":181,"column":47},"end":{"line":185,"column":13}},"line":181},"26":{"name":"(anonymous_26)","decl":{"start":{"line":187,"column":33},"end":{"line":187,"column":34}},"loc":{"start":{"line":187,"column":47},"end":{"line":191,"column":13}},"line":187},"27":{"name":"(anonymous_27)","decl":{"start":{"line":202,"column":64},"end":{"line":202,"column":65}},"loc":{"start":{"line":202,"column":75},"end":{"line":264,"column":5}},"line":202},"28":{"name":"(anonymous_28)","decl":{"start":{"line":203,"column":69},"end":{"line":203,"column":70}},"loc":{"start":{"line":203,"column":80},"end":{"line":218,"column":9}},"line":203},"29":{"name":"(anonymous_29)","decl":{"start":{"line":220,"column":61},"end":{"line":220,"column":62}},"loc":{"start":{"line":220,"column":72},"end":{"line":240,"column":9}},"line":220},"30":{"name":"(anonymous_30)","decl":{"start":{"line":242,"column":63},"end":{"line":242,"column":64}},"loc":{"start":{"line":242,"column":74},"end":{"line":263,"column":9}},"line":242},"31":{"name":"(anonymous_31)","decl":{"start":{"line":249,"column":34},"end":{"line":249,"column":35}},"loc":{"start":{"line":249,"column":47},"end":{"line":253,"column":17}},"line":249},"32":{"name":"(anonymous_32)","decl":{"start":{"line":250,"column":27},"end":{"line":250,"column":28}},"loc":{"start":{"line":250,"column":43},"end":{"line":252,"column":21}},"line":250},"33":{"name":"(anonymous_33)","decl":{"start":{"line":266,"column":38},"end":{"line":266,"column":39}},"loc":{"start":{"line":266,"column":49},"end":{"line":315,"column":5}},"line":266},"34":{"name":"(anonymous_34)","decl":{"start":{"line":267,"column":46},"end":{"line":267,"column":47}},"loc":{"start":{"line":267,"column":57},"end":{"line":289,"column":9}},"line":267},"35":{"name":"(anonymous_35)","decl":{"start":{"line":291,"column":42},"end":{"line":291,"column":43}},"loc":{"start":{"line":291,"column":53},"end":{"line":314,"column":9}},"line":291},"36":{"name":"(anonymous_36)","decl":{"start":{"line":317,"column":36},"end":{"line":317,"column":37}},"loc":{"start":{"line":317,"column":47},"end":{"line":351,"column":5}},"line":317},"37":{"name":"(anonymous_37)","decl":{"start":{"line":318,"column":71},"end":{"line":318,"column":72}},"loc":{"start":{"line":318,"column":86},"end":{"line":350,"column":9}},"line":318},"38":{"name":"sendWithRetry","decl":{"start":{"line":322,"column":21},"end":{"line":322,"column":34}},"loc":{"start":{"line":322,"column":71},"end":{"line":338,"column":13}},"line":322},"39":{"name":"(anonymous_39)","decl":{"start":{"line":331,"column":35},"end":{"line":331,"column":36}},"loc":{"start":{"line":331,"column":46},"end":{"line":333,"column":25}},"line":331},"40":{"name":"(anonymous_40)","decl":{"start":{"line":343,"column":33},"end":{"line":343,"column":34}},"loc":{"start":{"line":343,"column":44},"end":{"line":349,"column":13}},"line":343},"41":{"name":"(anonymous_41)","decl":{"start":{"line":346,"column":27},"end":{"line":346,"column":28}},"loc":{"start":{"line":346,"column":33},"end":{"line":348,"column":17}},"line":346},"42":{"name":"(anonymous_42)","decl":{"start":{"line":353,"column":33},"end":{"line":353,"column":34}},"loc":{"start":{"line":353,"column":44},"end":{"line":389,"column":5}},"line":353},"43":{"name":"(anonymous_43)","decl":{"start":{"line":354,"column":53},"end":{"line":354,"column":54}},"loc":{"start":{"line":354,"column":64},"end":{"line":370,"column":9}},"line":354},"44":{"name":"(anonymous_44)","decl":{"start":{"line":357,"column":22},"end":{"line":357,"column":23}},"loc":{"start":{"line":357,"column":50},"end":{"line":362,"column":17}},"line":357},"45":{"name":"(anonymous_45)","decl":{"start":{"line":372,"column":55},"end":{"line":372,"column":56}},"loc":{"start":{"line":372,"column":66},"end":{"line":388,"column":9}},"line":372},"46":{"name":"(anonymous_46)","decl":{"start":{"line":375,"column":22},"end":{"line":375,"column":23}},"loc":{"start":{"line":375,"column":50},"end":{"line":380,"column":17}},"line":375},"47":{"name":"(anonymous_47)","decl":{"start":{"line":391,"column":49},"end":{"line":391,"column":50}},"loc":{"start":{"line":391,"column":60},"end":{"line":400,"column":5}},"line":391},"48":{"name":"(anonymous_48)","decl":{"start":{"line":392,"column":63},"end":{"line":392,"column":64}},"loc":{"start":{"line":392,"column":74},"end":{"line":394,"column":9}},"line":392},"49":{"name":"(anonymous_49)","decl":{"start":{"line":396,"column":58},"end":{"line":396,"column":59}},"loc":{"start":{"line":396,"column":69},"end":{"line":399,"column":9}},"line":396}},"branchMap":{"0":{"loc":{"start":{"line":89,"column":12},"end":{"line":91,"column":13}},"type":"if","locations":[{"start":{"line":89,"column":12},"end":{"line":91,"column":13}},{"start":{},"end":{}}],"line":89},"1":{"loc":{"start":{"line":111,"column":20},"end":{"line":113,"column":21}},"type":"if","locations":[{"start":{"line":111,"column":20},"end":{"line":113,"column":21}},{"start":{},"end":{}}],"line":111},"2":{"loc":{"start":{"line":123,"column":20},"end":{"line":125,"column":21}},"type":"if","locations":[{"start":{"line":123,"column":20},"end":{"line":125,"column":21}},{"start":{},"end":{}}],"line":123},"3":{"loc":{"start":{"line":182,"column":16},"end":{"line":184,"column":17}},"type":"if","locations":[{"start":{"line":182,"column":16},"end":{"line":184,"column":17}},{"start":{},"end":{}}],"line":182},"4":{"loc":{"start":{"line":188,"column":16},"end":{"line":190,"column":17}},"type":"if","locations":[{"start":{"line":188,"column":16},"end":{"line":190,"column":17}},{"start":{},"end":{}}],"line":188},"5":{"loc":{"start":{"line":257,"column":16},"end":{"line":259,"column":17}},"type":"if","locations":[{"start":{"line":257,"column":16},"end":{"line":259,"column":17}},{"start":{},"end":{}}],"line":257},"6":{"loc":{"start":{"line":323,"column":31},"end":{"line":323,"column":48}},"type":"binary-expr","locations":[{"start":{"line":323,"column":31},"end":{"line":323,"column":43}},{"start":{"line":323,"column":47},"end":{"line":323,"column":48}}],"line":323},"7":{"loc":{"start":{"line":325,"column":16},"end":{"line":337,"column":17}},"type":"if","locations":[{"start":{"line":325,"column":16},"end":{"line":337,"column":17}},{"start":{"line":335,"column":23},"end":{"line":337,"column":17}}],"line":325},"8":{"loc":{"start":{"line":326,"column":20},"end":{"line":334,"column":21}},"type":"if","locations":[{"start":{"line":326,"column":20},"end":{"line":334,"column":21}},{"start":{"line":329,"column":27},"end":{"line":334,"column":21}}],"line":326},"9":{"loc":{"start":{"line":358,"column":20},"end":{"line":361,"column":21}},"type":"if","locations":[{"start":{"line":358,"column":20},"end":{"line":361,"column":21}},{"start":{},"end":{}}],"line":358},"10":{"loc":{"start":{"line":376,"column":20},"end":{"line":379,"column":21}},"type":"if","locations":[{"start":{"line":376,"column":20},"end":{"line":379,"column":21}},{"start":{},"end":{}}],"line":376}},"s":{"0":1,"1":1,"2":1,"3":1,"4":20,"5":1,"6":20,"7":1,"8":1,"9":1,"10":1,"11":1,"12":1,"13":1,"14":3,"15":3,"16":3,"17":3,"18":1,"19":1,"20":1,"21":1,"22":1,"23":1,"24":1,"25":1,"26":1,"27":1,"28":1,"29":1,"30":1,"31":1,"32":1,"33":1,"34":1,"35":1,"36":1,"37":1,"38":1,"39":1,"40":1,"41":1,"42":1,"43":1,"44":1,"45":1,"46":1,"47":1,"48":1,"49":1,"50":3,"51":3,"52":3,"53":3,"54":3,"55":3,"56":1,"57":3,"58":1,"59":1,"60":3,"61":3,"62":1,"63":1,"64":1,"65":1,"66":3,"67":3,"68":1,"69":1,"70":1,"71":1,"72":1,"73":1,"74":1,"75":1,"76":1,"77":1,"78":1,"79":1,"80":1,"81":1,"82":1,"83":1,"84":1,"85":1,"86":1,"87":1,"88":1,"89":1,"90":1,"91":1,"92":1,"93":1,"94":1,"95":1,"96":1,"97":1,"98":1,"99":1,"100":1,"101":1,"102":1,"103":1,"104":3,"105":3,"106":3,"107":1,"108":1,"109":1,"110":1,"111":1,"112":1,"113":1,"114":1,"115":3,"116":3,"117":3,"118":1,"119":3,"120":1,"121":1,"122":1,"123":1,"124":1,"125":1,"126":1,"127":3,"128":3,"129":3,"130":3,"131":3,"132":3,"133":3,"134":3,"135":1,"136":1,"137":1,"138":1,"139":1,"140":1,"141":1,"142":3,"143":3,"144":3,"145":1,"146":1,"147":1,"148":1,"149":1,"150":1,"151":1,"152":1,"153":1,"154":1,"155":1,"156":1,"157":1,"158":1,"159":3,"160":3,"161":3,"162":1,"163":1,"164":1,"165":3,"166":3,"167":3,"168":3,"169":3,"170":1,"171":1,"172":1,"173":1,"174":1,"175":1,"176":4,"177":4,"178":4,"179":1,"180":1,"181":3,"182":3,"183":3,"184":0,"185":1,"186":1,"187":1,"188":1,"189":1,"190":1,"191":1,"192":1,"193":1,"194":1,"195":1,"196":1,"197":1,"198":1,"199":1,"200":1,"201":1,"202":1,"203":1,"204":1,"205":1,"206":1,"207":1,"208":1,"209":1,"210":1,"211":1,"212":1,"213":1,"214":1,"215":1,"216":1,"217":1},"f":{"0":1,"1":20,"2":20,"3":1,"4":1,"5":1,"6":1,"7":1,"8":1,"9":3,"10":1,"11":1,"12":1,"13":1,"14":1,"15":3,"16":1,"17":1,"18":1,"19":1,"20":1,"21":1,"22":1,"23":1,"24":1,"25":1,"26":1,"27":1,"28":1,"29":1,"30":1,"31":3,"32":3,"33":1,"34":1,"35":1,"36":1,"37":1,"38":4,"39":3,"40":1,"41":1,"42":1,"43":1,"44":1,"45":1,"46":1,"47":1,"48":1,"49":1},"b":{"0":[1,0],"1":[1,2],"2":[3,0],"3":[1,0],"4":[1,0],"5":[3,0],"6":[4,1],"7":[4,0],"8":[1,3],"9":[1,0],"10":[1,0]},"_coverageSchema":"1a1c01bbd47fc00a2c39e90264f33305004495a9","hash":"ca00bdf23cbb488aec76bcd3a32869e3a5dfd81d","contentHash":"ad755a2eb46b83128a3395727d6519dc61f68b519d45cea451f183015b35d0b7"}}